2020-11-15 11:47:09.609 febs [main] INFO  cc.mrbird.febs.FebsApplication - Starting FebsApplication on localhost with PID 24924 (started by apple in /Users/apple/workspace/个人工作室/订单管理/tb/backend)
2020-11-15 11:47:09.614 febs [main] INFO  cc.mrbird.febs.FebsApplication - No active profile set, falling back to default profiles: default
2020-11-15 11:47:12.340 febs [main] INFO  o.s.d.r.c.RepositoryConfigurationDelegate - Multiple Spring Data modules found, entering strict repository configuration mode!
2020-11-15 11:47:12.348 febs [main] INFO  o.s.d.r.c.RepositoryConfigurationDelegate - Bootstrapping Spring Data repositories in DEFAULT mode.
2020-11-15 11:47:12.539 febs [main] INFO  o.s.d.r.c.RepositoryConfigurationDelegate - Finished Spring Data repository scanning in 120ms. Found 0 repository interfaces.
2020-11-15 11:47:13.706 febs [main] INFO  o.s.c.s.PostProcessorRegistrationDelegate$BeanPostProcessorChecker - Bean 'asyncExecutorPoolConfig' of type [cc.mrbird.febs.common.config.AsyncExecutorPoolConfig$$EnhancerBySpringCGLIB$$6a002cba] is not eligible for getting processed by all BeanPostProcessors (for example: not eligible for auto-proxying)
2020-11-15 11:47:14.042 febs [main] INFO  o.s.c.s.PostProcessorRegistrationDelegate$BeanPostProcessorChecker - Bean 'spring.datasource.dynamic-com.baomidou.dynamic.datasource.spring.boot.autoconfigure.DynamicDataSourceProperties' of type [com.baomidou.dynamic.datasource.spring.boot.autoconfigure.DynamicDataSourceProperties] is not eligible for getting processed by all BeanPostProcessors (for example: not eligible for auto-proxying)
2020-11-15 11:47:14.376 febs [main] INFO  o.s.c.s.PostProcessorRegistrationDelegate$BeanPostProcessorChecker - Bean 'com.baomidou.dynamic.datasource.spring.boot.autoconfigure.DynamicDataSourceAutoConfiguration' of type [com.baomidou.dynamic.datasource.spring.boot.autoconfigure.DynamicDataSourceAutoConfiguration$$EnhancerBySpringCGLIB$$444f785e] is not eligible for getting processed by all BeanPostProcessors (for example: not eligible for auto-proxying)
2020-11-15 11:47:14.390 febs [main] INFO  o.s.c.s.PostProcessorRegistrationDelegate$BeanPostProcessorChecker - Bean 'dsProcessor' of type [com.baomidou.dynamic.datasource.processor.DsHeaderProcessor] is not eligible for getting processed by all BeanPostProcessors (for example: not eligible for auto-proxying)
2020-11-15 11:47:14.397 febs [main] INFO  o.s.c.s.PostProcessorRegistrationDelegate$BeanPostProcessorChecker - Bean 'dynamicDatasourceAnnotationAdvisor' of type [com.baomidou.dynamic.datasource.aop.DynamicDataSourceAnnotationAdvisor] is not eligible for getting processed by all BeanPostProcessors (for example: not eligible for auto-proxying)
2020-11-15 11:47:14.408 febs [main] INFO  o.s.c.s.PostProcessorRegistrationDelegate$BeanPostProcessorChecker - Bean 'org.springframework.transaction.annotation.ProxyTransactionManagementConfiguration' of type [org.springframework.transaction.annotation.ProxyTransactionManagementConfiguration$$EnhancerBySpringCGLIB$$dac1078d] is not eligible for getting processed by all BeanPostProcessors (for example: not eligible for auto-proxying)
2020-11-15 11:47:14.441 febs [main] INFO  o.s.c.s.PostProcessorRegistrationDelegate$BeanPostProcessorChecker - Bean 'shiroConfig' of type [cc.mrbird.febs.common.authentication.ShiroConfig$$EnhancerBySpringCGLIB$$46410936] is not eligible for getting processed by all BeanPostProcessors (for example: not eligible for auto-proxying)
2020-11-15 11:47:14.534 febs [main] INFO  o.s.c.s.PostProcessorRegistrationDelegate$BeanPostProcessorChecker - Bean 'redisConfig' of type [cc.mrbird.febs.common.config.RedisConfig$$EnhancerBySpringCGLIB$$3f05c08a] is not eligible for getting processed by all BeanPostProcessors (for example: not eligible for auto-proxying)
2020-11-15 11:47:14.578 febs [main] INFO  o.s.c.s.PostProcessorRegistrationDelegate$BeanPostProcessorChecker - Bean 'redisPoolFactory' of type [redis.clients.jedis.JedisPool] is not eligible for getting processed by all BeanPostProcessors (for example: not eligible for auto-proxying)
2020-11-15 11:47:14.586 febs [main] INFO  o.s.c.s.PostProcessorRegistrationDelegate$BeanPostProcessorChecker - Bean 'redisService' of type [cc.mrbird.febs.common.service.impl.RedisServiceImpl] is not eligible for getting processed by all BeanPostProcessors (for example: not eligible for auto-proxying)
2020-11-15 11:47:14.732 febs [main] INFO  o.s.c.s.PostProcessorRegistrationDelegate$BeanPostProcessorChecker - Bean 'mybatis-plus-com.baomidou.mybatisplus.autoconfigure.MybatisPlusProperties' of type [com.baomidou.mybatisplus.autoconfigure.MybatisPlusProperties] is not eligible for getting processed by all BeanPostProcessors (for example: not eligible for auto-proxying)
2020-11-15 11:47:14.743 febs [main] INFO  o.s.c.s.PostProcessorRegistrationDelegate$BeanPostProcessorChecker - Bean 'mybatisPlusConfig' of type [cc.mrbird.febs.common.config.MybatisPlusConfig$$EnhancerBySpringCGLIB$$2c48639c] is not eligible for getting processed by all BeanPostProcessors (for example: not eligible for auto-proxying)
2020-11-15 11:47:14.752 febs [main] INFO  o.s.c.s.PostProcessorRegistrationDelegate$BeanPostProcessorChecker - Bean 'paginationInterceptor' of type [com.baomidou.mybatisplus.extension.plugins.PaginationInterceptor] is not eligible for getting processed by all BeanPostProcessors (for example: not eligible for auto-proxying)
2020-11-15 11:47:14.768 febs [main] INFO  o.s.c.s.PostProcessorRegistrationDelegate$BeanPostProcessorChecker - Bean 'com.baomidou.mybatisplus.autoconfigure.MybatisPlusAutoConfiguration' of type [com.baomidou.mybatisplus.autoconfigure.MybatisPlusAutoConfiguration$$EnhancerBySpringCGLIB$$18897427] is not eligible for getting processed by all BeanPostProcessors (for example: not eligible for auto-proxying)
2020-11-15 11:47:14.786 febs [main] INFO  o.s.c.s.PostProcessorRegistrationDelegate$BeanPostProcessorChecker - Bean 'dynamicDataSourceCreator' of type [com.baomidou.dynamic.datasource.DynamicDataSourceCreator] is not eligible for getting processed by all BeanPostProcessors (for example: not eligible for auto-proxying)
2020-11-15 11:47:14.788 febs [main] INFO  o.s.c.s.PostProcessorRegistrationDelegate$BeanPostProcessorChecker - Bean 'dynamicDataSourceProvider' of type [com.baomidou.dynamic.datasource.provider.YmlDynamicDataSourceProvider] is not eligible for getting processed by all BeanPostProcessors (for example: not eligible for auto-proxying)
2020-11-15 11:47:14.796 febs [main] INFO  c.b.d.d.DynamicRoutingDataSource - dynamic-datasource detect P6SPY plugin and enabled it
2020-11-15 11:47:14.835 febs [main] INFO  com.zaxxer.hikari.HikariDataSource - primary - Starting...
2020-11-15 11:47:16.396 febs [main] INFO  com.zaxxer.hikari.HikariDataSource - primary - Start completed.
2020-11-15 11:47:16.397 febs [main] INFO  c.b.d.d.DynamicRoutingDataSource - dynamic-datasource - load a datasource named [primary] success
2020-11-15 11:47:16.397 febs [main] INFO  c.b.d.d.DynamicRoutingDataSource - dynamic-datasource initial loaded [1] datasource,primary datasource named [primary]
2020-11-15 11:47:16.397 febs [main] INFO  o.s.c.s.PostProcessorRegistrationDelegate$BeanPostProcessorChecker - Bean 'dataSource' of type [com.baomidou.dynamic.datasource.DynamicRoutingDataSource] is not eligible for getting processed by all BeanPostProcessors (for example: not eligible for auto-proxying)
2020-11-15 11:47:16.416 febs [main] INFO  o.s.c.s.PostProcessorRegistrationDelegate$BeanPostProcessorChecker - Bean 'spring.datasource-org.springframework.boot.autoconfigure.jdbc.DataSourceProperties' of type [org.springframework.boot.autoconfigure.jdbc.DataSourceProperties] is not eligible for getting processed by all BeanPostProcessors (for example: not eligible for auto-proxying)
2020-11-15 11:47:16.433 febs [main] INFO  o.s.c.s.PostProcessorRegistrationDelegate$BeanPostProcessorChecker - Bean 'org.springframework.boot.autoconfigure.jdbc.DataSourceInitializerInvoker' of type [org.springframework.boot.autoconfigure.jdbc.DataSourceInitializerInvoker] is not eligible for getting processed by all BeanPostProcessors (for example: not eligible for auto-proxying)
2020-11-15 11:47:17.418 febs [main] INFO  o.s.c.s.PostProcessorRegistrationDelegate$BeanPostProcessorChecker - Bean 'sqlSessionFactory' of type [org.apache.ibatis.session.defaults.DefaultSqlSessionFactory] is not eligible for getting processed by all BeanPostProcessors (for example: not eligible for auto-proxying)
2020-11-15 11:47:17.433 febs [main] INFO  o.s.c.s.PostProcessorRegistrationDelegate$BeanPostProcessorChecker - Bean 'sqlSessionTemplate' of type [org.mybatis.spring.SqlSessionTemplate] is not eligible for getting processed by all BeanPostProcessors (for example: not eligible for auto-proxying)
2020-11-15 11:47:17.440 febs [main] INFO  o.s.c.s.PostProcessorRegistrationDelegate$BeanPostProcessorChecker - Bean 'roleMapper' of type [org.mybatis.spring.mapper.MapperFactoryBean] is not eligible for getting processed by all BeanPostProcessors (for example: not eligible for auto-proxying)
2020-11-15 11:47:17.447 febs [main] INFO  o.s.c.s.PostProcessorRegistrationDelegate$BeanPostProcessorChecker - Bean 'roleMapper' of type [com.sun.proxy.$Proxy112] is not eligible for getting processed by all BeanPostProcessors (for example: not eligible for auto-proxying)
2020-11-15 11:47:17.478 febs [main] INFO  o.s.c.s.PostProcessorRegistrationDelegate$BeanPostProcessorChecker - Bean 'roleMenuMapper' of type [org.mybatis.spring.mapper.MapperFactoryBean] is not eligible for getting processed by all BeanPostProcessors (for example: not eligible for auto-proxying)
2020-11-15 11:47:17.483 febs [main] INFO  o.s.c.s.PostProcessorRegistrationDelegate$BeanPostProcessorChecker - Bean 'roleMenuMapper' of type [com.sun.proxy.$Proxy113] is not eligible for getting processed by all BeanPostProcessors (for example: not eligible for auto-proxying)
2020-11-15 11:47:17.493 febs [main] INFO  o.s.c.s.PostProcessorRegistrationDelegate$BeanPostProcessorChecker - Bean 'userRoleMapper' of type [org.mybatis.spring.mapper.MapperFactoryBean] is not eligible for getting processed by all BeanPostProcessors (for example: not eligible for auto-proxying)
2020-11-15 11:47:17.498 febs [main] INFO  o.s.c.s.PostProcessorRegistrationDelegate$BeanPostProcessorChecker - Bean 'userRoleMapper' of type [com.sun.proxy.$Proxy114] is not eligible for getting processed by all BeanPostProcessors (for example: not eligible for auto-proxying)
2020-11-15 11:47:17.500 febs [main] INFO  o.s.c.s.PostProcessorRegistrationDelegate$BeanPostProcessorChecker - Bean 'userRoleService' of type [cc.mrbird.febs.system.service.impl.UserRoleServiceImpl] is not eligible for getting processed by all BeanPostProcessors (for example: not eligible for auto-proxying)
2020-11-15 11:47:17.606 febs [main] INFO  o.s.c.s.PostProcessorRegistrationDelegate$BeanPostProcessorChecker - Bean 'roleMenuService' of type [cc.mrbird.febs.system.service.impl.RoleMenuServiceImpl] is not eligible for getting processed by all BeanPostProcessors (for example: not eligible for auto-proxying)
2020-11-15 11:47:17.650 febs [main] INFO  o.s.c.s.PostProcessorRegistrationDelegate$BeanPostProcessorChecker - Bean 'roleService' of type [cc.mrbird.febs.system.service.impl.RoleServiceImpl] is not eligible for getting processed by all BeanPostProcessors (for example: not eligible for auto-proxying)
2020-11-15 11:47:17.707 febs [main] INFO  o.s.c.s.PostProcessorRegistrationDelegate$BeanPostProcessorChecker - Bean 'menuMapper' of type [org.mybatis.spring.mapper.MapperFactoryBean] is not eligible for getting processed by all BeanPostProcessors (for example: not eligible for auto-proxying)
2020-11-15 11:47:17.713 febs [main] INFO  o.s.c.s.PostProcessorRegistrationDelegate$BeanPostProcessorChecker - Bean 'menuMapper' of type [com.sun.proxy.$Proxy118] is not eligible for getting processed by all BeanPostProcessors (for example: not eligible for auto-proxying)
2020-11-15 11:47:17.716 febs [main] INFO  o.s.c.s.PostProcessorRegistrationDelegate$BeanPostProcessorChecker - Bean 'menuService' of type [cc.mrbird.febs.system.service.impl.MenuServiceImpl] is not eligible for getting processed by all BeanPostProcessors (for example: not eligible for auto-proxying)
2020-11-15 11:47:17.770 febs [main] INFO  o.s.c.s.PostProcessorRegistrationDelegate$BeanPostProcessorChecker - Bean 'userMapper' of type [org.mybatis.spring.mapper.MapperFactoryBean] is not eligible for getting processed by all BeanPostProcessors (for example: not eligible for auto-proxying)
2020-11-15 11:47:17.776 febs [main] INFO  o.s.c.s.PostProcessorRegistrationDelegate$BeanPostProcessorChecker - Bean 'userMapper' of type [com.sun.proxy.$Proxy120] is not eligible for getting processed by all BeanPostProcessors (for example: not eligible for auto-proxying)
2020-11-15 11:47:17.812 febs [main] INFO  o.s.c.s.PostProcessorRegistrationDelegate$BeanPostProcessorChecker - Bean 'userConfigMapper' of type [org.mybatis.spring.mapper.MapperFactoryBean] is not eligible for getting processed by all BeanPostProcessors (for example: not eligible for auto-proxying)
2020-11-15 11:47:17.816 febs [main] INFO  o.s.c.s.PostProcessorRegistrationDelegate$BeanPostProcessorChecker - Bean 'userConfigMapper' of type [com.sun.proxy.$Proxy121] is not eligible for getting processed by all BeanPostProcessors (for example: not eligible for auto-proxying)
2020-11-15 11:47:17.821 febs [main] INFO  o.s.c.s.PostProcessorRegistrationDelegate$BeanPostProcessorChecker - Bean 'userConfigService' of type [cc.mrbird.febs.system.service.impl.UserConfigServiceImpl] is not eligible for getting processed by all BeanPostProcessors (for example: not eligible for auto-proxying)
2020-11-15 11:47:17.867 febs [main] INFO  o.s.c.s.PostProcessorRegistrationDelegate$BeanPostProcessorChecker - Bean 'userService' of type [cc.mrbird.febs.system.service.impl.UserServiceImpl] is not eligible for getting processed by all BeanPostProcessors (for example: not eligible for auto-proxying)
2020-11-15 11:47:17.918 febs [main] INFO  o.s.c.s.PostProcessorRegistrationDelegate$BeanPostProcessorChecker - Bean 'org.springframework.boot.autoconfigure.jackson.JacksonAutoConfiguration$JacksonObjectMapperConfiguration' of type [org.springframework.boot.autoconfigure.jackson.JacksonAutoConfiguration$JacksonObjectMapperConfiguration$$EnhancerBySpringCGLIB$$3654871e] is not eligible for getting processed by all BeanPostProcessors (for example: not eligible for auto-proxying)
2020-11-15 11:47:17.925 febs [main] INFO  o.s.c.s.PostProcessorRegistrationDelegate$BeanPostProcessorChecker - Bean 'org.springframework.boot.autoconfigure.jackson.JacksonAutoConfiguration$JacksonObjectMapperBuilderConfiguration' of type [org.springframework.boot.autoconfigure.jackson.JacksonAutoConfiguration$JacksonObjectMapperBuilderConfiguration$$EnhancerBySpringCGLIB$$e8a14937] is not eligible for getting processed by all BeanPostProcessors (for example: not eligible for auto-proxying)
2020-11-15 11:47:17.929 febs [main] INFO  o.s.c.s.PostProcessorRegistrationDelegate$BeanPostProcessorChecker - Bean 'org.springframework.boot.autoconfigure.jackson.JacksonAutoConfiguration$Jackson2ObjectMapperBuilderCustomizerConfiguration' of type [org.springframework.boot.autoconfigure.jackson.JacksonAutoConfiguration$Jackson2ObjectMapperBuilderCustomizerConfiguration$$EnhancerBySpringCGLIB$$a3b82f26] is not eligible for getting processed by all BeanPostProcessors (for example: not eligible for auto-proxying)
2020-11-15 11:47:17.942 febs [main] INFO  o.s.c.s.PostProcessorRegistrationDelegate$BeanPostProcessorChecker - Bean 'spring.jackson-org.springframework.boot.autoconfigure.jackson.JacksonProperties' of type [org.springframework.boot.autoconfigure.jackson.JacksonProperties] is not eligible for getting processed by all BeanPostProcessors (for example: not eligible for auto-proxying)
2020-11-15 11:47:17.949 febs [main] INFO  o.s.c.s.PostProcessorRegistrationDelegate$BeanPostProcessorChecker - Bean 'standardJacksonObjectMapperBuilderCustomizer' of type [org.springframework.boot.autoconfigure.jackson.JacksonAutoConfiguration$Jackson2ObjectMapperBuilderCustomizerConfiguration$StandardJackson2ObjectMapperBuilderCustomizer] is not eligible for getting processed by all BeanPostProcessors (for example: not eligible for auto-proxying)
2020-11-15 11:47:17.963 febs [main] INFO  o.s.c.s.PostProcessorRegistrationDelegate$BeanPostProcessorChecker - Bean 'org.springframework.boot.autoconfigure.jackson.JacksonAutoConfiguration$ParameterNamesModuleConfiguration' of type [org.springframework.boot.autoconfigure.jackson.JacksonAutoConfiguration$ParameterNamesModuleConfiguration$$EnhancerBySpringCGLIB$$ca83a654] is not eligible for getting processed by all BeanPostProcessors (for example: not eligible for auto-proxying)
2020-11-15 11:47:17.976 febs [main] INFO  o.s.c.s.PostProcessorRegistrationDelegate$BeanPostProcessorChecker - Bean 'parameterNamesModule' of type [com.fasterxml.jackson.module.paramnames.ParameterNamesModule] is not eligible for getting processed by all BeanPostProcessors (for example: not eligible for auto-proxying)
2020-11-15 11:47:17.981 febs [main] INFO  o.s.c.s.PostProcessorRegistrationDelegate$BeanPostProcessorChecker - Bean 'org.springframework.boot.autoconfigure.jackson.JacksonAutoConfiguration' of type [org.springframework.boot.autoconfigure.jackson.JacksonAutoConfiguration$$EnhancerBySpringCGLIB$$186024ad] is not eligible for getting processed by all BeanPostProcessors (for example: not eligible for auto-proxying)
2020-11-15 11:47:18.000 febs [main] INFO  o.s.c.s.PostProcessorRegistrationDelegate$BeanPostProcessorChecker - Bean 'jsonComponentModule' of type [org.springframework.boot.jackson.JsonComponentModule] is not eligible for getting processed by all BeanPostProcessors (for example: not eligible for auto-proxying)
2020-11-15 11:47:18.003 febs [main] INFO  o.s.c.s.PostProcessorRegistrationDelegate$BeanPostProcessorChecker - Bean 'org.springframework.ksAccountData.web.config.SpringDataJacksonConfiguration' of type [org.springframework.ksAccountData.web.config.SpringDataJacksonConfiguration] is not eligible for getting processed by all BeanPostProcessors (for example: not eligible for auto-proxying)
2020-11-15 11:47:18.013 febs [main] INFO  o.s.c.s.PostProcessorRegistrationDelegate$BeanPostProcessorChecker - Bean 'jacksonGeoModule' of type [org.springframework.ksAccountData.geo.GeoModule] is not eligible for getting processed by all BeanPostProcessors (for example: not eligible for auto-proxying)
2020-11-15 11:47:18.018 febs [main] INFO  o.s.c.s.PostProcessorRegistrationDelegate$BeanPostProcessorChecker - Bean 'jacksonObjectMapperBuilder' of type [org.springframework.http.converter.json.Jackson2ObjectMapperBuilder] is not eligible for getting processed by all BeanPostProcessors (for example: not eligible for auto-proxying)
2020-11-15 11:47:18.079 febs [main] INFO  o.s.c.s.PostProcessorRegistrationDelegate$BeanPostProcessorChecker - Bean 'jacksonObjectMapper' of type [com.fasterxml.jackson.databind.ObjectMapper] is not eligible for getting processed by all BeanPostProcessors (for example: not eligible for auto-proxying)
2020-11-15 11:47:18.103 febs [main] INFO  o.s.c.s.PostProcessorRegistrationDelegate$BeanPostProcessorChecker - Bean 'cacheService' of type [cc.mrbird.febs.common.service.impl.CacheServiceImpl] is not eligible for getting processed by all BeanPostProcessors (for example: not eligible for auto-proxying)
2020-11-15 11:47:18.113 febs [main] INFO  o.s.c.s.PostProcessorRegistrationDelegate$BeanPostProcessorChecker - Bean 'userManager' of type [cc.mrbird.febs.system.manager.UserManager] is not eligible for getting processed by all BeanPostProcessors (for example: not eligible for auto-proxying)
2020-11-15 11:47:18.114 febs [main] INFO  o.s.c.s.PostProcessorRegistrationDelegate$BeanPostProcessorChecker - Bean 'shiroRealm' of type [cc.mrbird.febs.common.authentication.ShiroRealm] is not eligible for getting processed by all BeanPostProcessors (for example: not eligible for auto-proxying)
2020-11-15 11:47:18.129 febs [main] INFO  o.s.c.s.PostProcessorRegistrationDelegate$BeanPostProcessorChecker - Bean 'securityManager' of type [org.apache.shiro.web.mgt.DefaultWebSecurityManager] is not eligible for getting processed by all BeanPostProcessors (for example: not eligible for auto-proxying)
2020-11-15 11:47:18.157 febs [main] INFO  o.s.c.s.PostProcessorRegistrationDelegate$BeanPostProcessorChecker - Bean 'authorizationAttributeSourceAdvisor' of type [org.apache.shiro.spring.security.interceptor.AuthorizationAttributeSourceAdvisor] is not eligible for getting processed by all BeanPostProcessors (for example: not eligible for auto-proxying)
2020-11-15 11:47:19.012 febs [main] INFO  o.s.b.w.e.tomcat.TomcatWebServer - Tomcat initialized with port(s): 9527 (http)
2020-11-15 11:47:19.076 febs [main] INFO  o.a.coyote.http11.Http11NioProtocol - Initializing ProtocolHandler ["http-nio-9527"]
2020-11-15 11:47:19.087 febs [main] INFO  o.a.catalina.core.StandardService - Starting service [Tomcat]
2020-11-15 11:47:19.087 febs [main] INFO  o.a.catalina.core.StandardEngine - Starting Servlet engine: [Apache Tomcat/9.0.22]
2020-11-15 11:47:19.413 febs [main] INFO  o.a.c.c.C.[Tomcat].[localhost].[/] - Initializing Spring embedded WebApplicationContext
2020-11-15 11:47:19.413 febs [main] INFO  o.s.web.context.ContextLoader - Root WebApplicationContext: initialization completed in 9703 ms
2020-11-15 11:47:21.042 febs [main] INFO  org.quartz.impl.StdSchedulerFactory - Using default implementation for ThreadExecutor
2020-11-15 11:47:21.083 febs [main] INFO  o.quartz.core.SchedulerSignalerImpl - Initialized Scheduler Signaller of type: class org.quartz.core.SchedulerSignalerImpl
2020-11-15 11:47:21.084 febs [main] INFO  org.quartz.core.QuartzScheduler - Quartz Scheduler v.2.3.1 created.
2020-11-15 11:47:21.085 febs [main] INFO  org.quartz.simpl.RAMJobStore - RAMJobStore initialized.
2020-11-15 11:47:21.087 febs [main] INFO  org.quartz.core.QuartzScheduler - Scheduler meta-ksAccountData: Quartz Scheduler (v2.3.1) 'quartzScheduler' with instanceId 'NON_CLUSTERED'
  Scheduler class: 'org.quartz.core.QuartzScheduler' - running locally.
  NOT STARTED.
  Currently in standby mode.
  Number of jobs executed: 0
  Using thread pool 'org.quartz.simpl.SimpleThreadPool' - with 10 threads.
  Using job-store 'org.quartz.simpl.RAMJobStore' - which does not support persistence. and is not clustered.

2020-11-15 11:47:21.087 febs [main] INFO  org.quartz.impl.StdSchedulerFactory - Quartz scheduler 'quartzScheduler' initialized from an externally provided properties instance.
2020-11-15 11:47:21.087 febs [main] INFO  org.quartz.impl.StdSchedulerFactory - Quartz scheduler version: 2.3.1
2020-11-15 11:47:21.087 febs [main] INFO  org.quartz.core.QuartzScheduler - JobFactory set to: org.springframework.scheduling.quartz.SpringBeanJobFactory@41037577
2020-11-15 11:47:21.506 febs [main] INFO  p6spy - 2020-11-15 11:47:21 | 耗时 122 ms | SQL 语句：
select job_id jobId, bean_name beanName, method_name methodName, params, cron_expression cronExpression, status, remark, create_time createTime from t_job order by job_id;
2020-11-15 11:47:22.250 febs [main] INFO  c.m.f.t.s.impl.OrderCommitService - 淘宝商品id初始化完成618358001284;616417053198
2020-11-15 11:47:23.809 febs [main] INFO  o.s.b.a.e.web.EndpointLinksResolver - Exposing 2 endpoint(s) beneath base path '/actuator'
2020-11-15 11:47:24.055 febs [main] INFO  o.s.s.c.ThreadPoolTaskExecutor - Initializing ExecutorService 'taskExecutor'
2020-11-15 11:47:24.106 febs [main] INFO  s.d.s.w.PropertySourcedRequestMappingHandlerMapping - Mapped URL path [/v2/api-docs] onto method [public org.springframework.http.ResponseEntity<springfox.documentation.spring.web.json.Json> springfox.documentation.swagger2.web.Swagger2Controller.getDocumentation(java.lang.String,javax.servlet.http.HttpServletRequest)]
2020-11-15 11:47:26.947 febs [main] INFO  s.d.s.w.p.DocumentationPluginsBootstrapper - Context refreshed
2020-11-15 11:47:27.012 febs [main] INFO  s.d.s.w.p.DocumentationPluginsBootstrapper - Found 1 custom documentation plugin(s)
2020-11-15 11:47:27.165 febs [main] INFO  s.d.s.w.s.ApiListingReferenceScanner - Scanning for api listing references
2020-11-15 11:47:27.640 febs [main] INFO  s.d.s.w.r.o.CachingOperationNameGenerator - Generating unique operation named: exportUsingPOST_1
2020-11-15 11:47:27.662 febs [main] INFO  s.d.s.w.r.o.CachingOperationNameGenerator - Generating unique operation named: exportUsingPOST_2
2020-11-15 11:47:27.681 febs [main] INFO  s.d.s.w.r.o.CachingOperationNameGenerator - Generating unique operation named: exportUsingPOST_3
2020-11-15 11:47:27.691 febs [main] INFO  s.d.s.w.r.o.CachingOperationNameGenerator - Generating unique operation named: exportUsingPOST_4
2020-11-15 11:47:27.711 febs [main] INFO  s.d.s.w.r.o.CachingOperationNameGenerator - Generating unique operation named: exportUsingPOST_5
2020-11-15 11:47:27.752 febs [main] INFO  s.d.s.w.r.o.CachingOperationNameGenerator - Generating unique operation named: exportUsingPOST_6
2020-11-15 11:47:27.762 febs [main] INFO  s.d.s.w.r.o.CachingOperationNameGenerator - Generating unique operation named: beforeBuyPushUsingGET_1
2020-11-15 11:47:27.763 febs [main] INFO  s.d.s.w.r.o.CachingOperationNameGenerator - Generating unique operation named: beforeBuyPushUsingHEAD_1
2020-11-15 11:47:27.765 febs [main] INFO  s.d.s.w.r.o.CachingOperationNameGenerator - Generating unique operation named: beforeBuyPushUsingPOST_1
2020-11-15 11:47:27.767 febs [main] INFO  s.d.s.w.r.o.CachingOperationNameGenerator - Generating unique operation named: beforeBuyPushUsingPUT_1
2020-11-15 11:47:27.768 febs [main] INFO  s.d.s.w.r.o.CachingOperationNameGenerator - Generating unique operation named: beforeBuyPushUsingPATCH_1
2020-11-15 11:47:27.770 febs [main] INFO  s.d.s.w.r.o.CachingOperationNameGenerator - Generating unique operation named: beforeBuyPushUsingDELETE_1
2020-11-15 11:47:27.771 febs [main] INFO  s.d.s.w.r.o.CachingOperationNameGenerator - Generating unique operation named: beforeBuyPushUsingOPTIONS_1
2020-11-15 11:47:27.772 febs [main] INFO  s.d.s.w.r.o.CachingOperationNameGenerator - Generating unique operation named: beforeBuyPushUsingTRACE_1
2020-11-15 11:47:27.841 febs [main] INFO  s.d.s.w.r.o.CachingOperationNameGenerator - Generating unique operation named: exportUsingPOST_7
2020-11-15 11:47:27.882 febs [main] INFO  s.d.s.w.r.o.CachingOperationNameGenerator - Generating unique operation named: exportUsingPOST_8
2020-11-15 11:47:27.936 febs [main] INFO  o.s.s.quartz.SchedulerFactoryBean - Starting Quartz Scheduler now
2020-11-15 11:47:27.936 febs [main] INFO  org.quartz.core.QuartzScheduler - Scheduler quartzScheduler_$_NON_CLUSTERED started.
2020-11-15 11:47:27.952 febs [main] INFO  o.a.coyote.http11.Http11NioProtocol - Starting ProtocolHandler ["http-nio-9527"]
2020-11-15 11:47:28.009 febs [main] INFO  o.s.b.w.e.tomcat.TomcatWebServer - Tomcat started on port(s): 9527 (http) with context path ''
2020-11-15 11:47:28.015 febs [main] INFO  cc.mrbird.febs.FebsApplication - Started FebsApplication in 20.122 seconds (JVM running for 27.478)
2020-11-15 11:47:28.032 febs [main] INFO  c.m.f.common.runner.CacheInitRunner - Redis连接中 ······
2020-11-15 11:47:28.067 febs [main] INFO  c.m.f.common.runner.CacheInitRunner - 缓存初始化 ······
2020-11-15 11:47:28.067 febs [main] INFO  c.m.f.common.runner.CacheInitRunner - 缓存用户数据 ······
2020-11-15 11:47:28.282 febs [main] INFO  p6spy - 2020-11-15 11:47:28 | 耗时 51 ms | SQL 语句：
SELECT USER_ID,description,password,modify_time,email,ssex,mobile,dept_id,avatar,last_login_time,create_time,status,username FROM t_user;
2020-11-15 11:47:28.496 febs [main] INFO  p6spy - 2020-11-15 11:47:28 | 耗时 201 ms | SQL 语句：
SELECT u.user_id userId, u.username, u.password, u.email, u.mobile, u. STATUS, u.create_time createTime, u.ssex, d.dept_id deptId, d.dept_name deptName, u.AVATAR, u.DESCRIPTION, u.LAST_LOGIN_TIME lastLoginTime, GROUP_CONCAT(r.role_id) roleId, GROUP_CONCAT(r.ROLE_NAME) roleName FROM t_user u LEFT JOIN t_dept d ON (u.dept_id = d.dept_id) LEFT JOIN t_user_role ur ON (u.user_id = ur.user_id) LEFT JOIN t_role r ON r.role_id = ur.role_id WHERE u.username = 'mrbird' group by u.username, u.user_id, u.password, u.email, u.mobile, u.STATUS, u.create_time, u.ssex, d.dept_id, d.dept_name, u.AVATAR, u.DESCRIPTION, u.LAST_LOGIN_TIME;
2020-11-15 11:47:28.767 febs [main] INFO  p6spy - 2020-11-15 11:47:28 | 耗时 49 ms | SQL 语句：
select r.* from t_role r left join t_user_role ur on (r.role_id = ur.role_id) left join t_user u on (u.user_id = ur.user_id) where u.username = 'mrbird';
2020-11-15 11:47:28.928 febs [main] INFO  p6spy - 2020-11-15 11:47:28 | 耗时 51 ms | SQL 语句：
select distinct m.perms from t_role r left join t_user_role ur on (r.role_id = ur.role_id) left join t_user u on (u.user_id = ur.user_id) left join t_role_menu rm on (rm.role_id = r.role_id) left join t_menu m on (m.menu_id = rm.menu_id) where u.username = 'mrbird' and m.perms is not null and m.perms <> '';
2020-11-15 11:47:29.127 febs [main] INFO  p6spy - 2020-11-15 11:47:29 | 耗时 48 ms | SQL 语句：
SELECT USER_ID,layout,color,multi_page,fix_siderbar,fix_header,theme FROM t_user_config WHERE USER_ID='1' ;
2020-11-15 11:47:29.249 febs [main] INFO  p6spy - 2020-11-15 11:47:29 | 耗时 47 ms | SQL 语句：
SELECT u.user_id userId, u.username, u.password, u.email, u.mobile, u. STATUS, u.create_time createTime, u.ssex, d.dept_id deptId, d.dept_name deptName, u.AVATAR, u.DESCRIPTION, u.LAST_LOGIN_TIME lastLoginTime, GROUP_CONCAT(r.role_id) roleId, GROUP_CONCAT(r.ROLE_NAME) roleName FROM t_user u LEFT JOIN t_dept d ON (u.dept_id = d.dept_id) LEFT JOIN t_user_role ur ON (u.user_id = ur.user_id) LEFT JOIN t_role r ON r.role_id = ur.role_id WHERE u.username = 'scott' group by u.username, u.user_id, u.password, u.email, u.mobile, u.STATUS, u.create_time, u.ssex, d.dept_id, d.dept_name, u.AVATAR, u.DESCRIPTION, u.LAST_LOGIN_TIME;
2020-11-15 11:47:29.358 febs [main] INFO  p6spy - 2020-11-15 11:47:29 | 耗时 40 ms | SQL 语句：
select r.* from t_role r left join t_user_role ur on (r.role_id = ur.role_id) left join t_user u on (u.user_id = ur.user_id) where u.username = 'scott';
2020-11-15 11:47:29.530 febs [main] INFO  p6spy - 2020-11-15 11:47:29 | 耗时 57 ms | SQL 语句：
select distinct m.perms from t_role r left join t_user_role ur on (r.role_id = ur.role_id) left join t_user u on (u.user_id = ur.user_id) left join t_role_menu rm on (rm.role_id = r.role_id) left join t_menu m on (m.menu_id = rm.menu_id) where u.username = 'scott' and m.perms is not null and m.perms <> '';
2020-11-15 11:47:29.659 febs [main] INFO  p6spy - 2020-11-15 11:47:29 | 耗时 30 ms | SQL 语句：
SELECT USER_ID,layout,color,multi_page,fix_siderbar,fix_header,theme FROM t_user_config WHERE USER_ID='2' ;
2020-11-15 11:47:29.770 febs [main] INFO  p6spy - 2020-11-15 11:47:29 | 耗时 39 ms | SQL 语句：
SELECT u.user_id userId, u.username, u.password, u.email, u.mobile, u. STATUS, u.create_time createTime, u.ssex, d.dept_id deptId, d.dept_name deptName, u.AVATAR, u.DESCRIPTION, u.LAST_LOGIN_TIME lastLoginTime, GROUP_CONCAT(r.role_id) roleId, GROUP_CONCAT(r.ROLE_NAME) roleName FROM t_user u LEFT JOIN t_dept d ON (u.dept_id = d.dept_id) LEFT JOIN t_user_role ur ON (u.user_id = ur.user_id) LEFT JOIN t_role r ON r.role_id = ur.role_id WHERE u.username = 'jack' group by u.username, u.user_id, u.password, u.email, u.mobile, u.STATUS, u.create_time, u.ssex, d.dept_id, d.dept_name, u.AVATAR, u.DESCRIPTION, u.LAST_LOGIN_TIME;
2020-11-15 11:47:29.869 febs [main] INFO  p6spy - 2020-11-15 11:47:29 | 耗时 33 ms | SQL 语句：
select r.* from t_role r left join t_user_role ur on (r.role_id = ur.role_id) left join t_user u on (u.user_id = ur.user_id) where u.username = 'jack';
2020-11-15 11:47:29.967 febs [main] INFO  p6spy - 2020-11-15 11:47:29 | 耗时 30 ms | SQL 语句：
select distinct m.perms from t_role r left join t_user_role ur on (r.role_id = ur.role_id) left join t_user u on (u.user_id = ur.user_id) left join t_role_menu rm on (rm.role_id = r.role_id) left join t_menu m on (m.menu_id = rm.menu_id) where u.username = 'jack' and m.perms is not null and m.perms <> '';
2020-11-15 11:47:30.069 febs [main] INFO  p6spy - 2020-11-15 11:47:30 | 耗时 35 ms | SQL 语句：
SELECT USER_ID,layout,color,multi_page,fix_siderbar,fix_header,theme FROM t_user_config WHERE USER_ID='12' ;
2020-11-15 11:47:30.133 febs [main] INFO  c.m.f.common.runner.StartedUpRunner -  __    ___   _      ___   _     ____ _____  ____
2020-11-15 11:47:30.133 febs [main] INFO  c.m.f.common.runner.StartedUpRunner - / /`  / / \ | |\/| | |_) | |   | |_   | |  | |_
2020-11-15 11:47:30.133 febs [main] INFO  c.m.f.common.runner.StartedUpRunner - \_\_, \_\_/ |_|  | |_|   |_|__ |_|__  |_|  |_|__
2020-11-15 11:47:30.134 febs [main] INFO  c.m.f.common.runner.StartedUpRunner -
2020-11-15 11:47:30.134 febs [main] INFO  c.m.f.common.runner.StartedUpRunner - FEBS 启动完毕，时间：2020-11-15T11:47:30.134
2020-11-15 11:48:16.552 febs [http-nio-9527-exec-2] INFO  o.a.c.c.C.[Tomcat].[localhost].[/] - Initializing Spring DispatcherServlet 'dispatcherServlet'
2020-11-15 11:48:16.553 febs [http-nio-9527-exec-2] INFO  o.s.web.servlet.DispatcherServlet - Initializing Servlet 'dispatcherServlet'
2020-11-15 11:48:16.578 febs [http-nio-9527-exec-2] INFO  o.s.web.servlet.DispatcherServlet - Completed initialization in 25 ms
2020-11-15 11:48:17.645 febs [http-nio-9527-exec-2] INFO  c.m.f.t.s.impl.KashangPayServiceImpl - {esales_session=eyJpdiI6IkxcL0NPRllqWmZjVXc2K1ZiOHVUc253PT0iLCJ2YWx1ZSI6ImVhSmNVU00xRkRZTnVlUEY1azNIVTgzWWQ3YUFXNHNJM0crUFVzdnA5NEJwV3Z2c3llbjNkV2RLdFhUejZ3Q2ciLCJtYWMiOiI4ZmE0NmQ4ZWRlNzZjY2I1OGRjMjQ2Mjk1ZmViODAxZDA4OTgzMTU2NzdmZDU0YzdkNjQ1ZDViM2ZhNmYxNTkyIn0%3D}
2020-11-15 11:52:42.247 febs [http-nio-9527-exec-9] INFO  c.m.f.t.s.impl.KashangPayServiceImpl - {esales_session=eyJpdiI6ImJTNHpIeWdjZ3FwOXlEWThrTHlOanc9PSIsInZhbHVlIjoiMmZxR1c2SzVRa2F6bjd1T2U0emN6bW5vWUFHZnUxWnc0YmhRd2dPYTNibk5YSkRSZ3ZFem5ZOUZrbVZOTmdEMiIsIm1hYyI6ImQ4Njc3ZjE1MmMwOWEwMzU2NjdhNjBiOTUwYzc0OGYzOGMwMzQ2MzUyN2JmZjM5ZDM3NjA2OTNlNDRiNjgzYmUifQ%3D%3D}
2020-11-15 11:52:46.165 febs [http-nio-9527-exec-9] INFO  c.m.f.t.s.impl.KashangPayServiceImpl - {esales_session=eyJpdiI6ImhnS3g5VWFUTE1jV3BpYW9RaVBabHc9PSIsInZhbHVlIjoidEs3ZlNjS0R6MjA1SDlrZ3RlVUZBV1hFKzBjdmZMMmxsWXY0Z1pSTkI2Z0s0cUwyWDl2SDhFZUJYVFF6eUwwTiIsIm1hYyI6ImM2NTkyMzc0ZDU5OGIyNjU1NGY5ZTNlNDNhODU2YWUxNzk3NDNmZjJjMzUwMzAzMmU5Y2Y4NGVmMjlmYjk1MTEifQ%3D%3D}
2020-11-15 11:53:41.510 febs [http-nio-9527-exec-10] INFO  c.m.f.t.s.impl.KashangPayServiceImpl - {esales_session=eyJpdiI6Inh1dTVlWkJOUDYxNlB1eXZxdFNpM0E9PSIsInZhbHVlIjoiSHo0R3B3am1xYjhKUTd2MU9TSzNcL05hU2QyanBORGljXC9sb3JZbkUrVGFhUU04WTNET1N4ZDhZMEtYcitQRWlYIiwibWFjIjoiNmI2OGUxYTA1ZGM1NjIzNmQzYTkyNTM4MGU1NzFiOWRlNGM0M2Q5MTk2ODE4MmMyY2RmNmQwODlhZTkwMmNhZiJ9}
2020-11-15 11:57:48.845 febs [http-nio-9527-exec-2] INFO  o.s.d.r.c.RepositoryConfigurationDelegate - Bootstrapping Spring Data repositories in DEFAULT mode.
2020-11-15 11:57:48.899 febs [http-nio-9527-exec-2] INFO  o.s.d.r.c.RepositoryConfigurationDelegate - Finished Spring Data repository scanning in 48ms. Found 0 repository interfaces.
2020-11-15 11:57:51.425 febs [http-nio-9527-exec-2] INFO  c.m.f.t.s.impl.KashangPayServiceImpl - {esales_session=eyJpdiI6IkYyeDNHM3pnRUhwaU5XY2dJaU1ZWkE9PSIsInZhbHVlIjoiVlBSM1RTZGVyS2s4V2NLRnBIdmlVSGxmSVAxMnNLVmE4VUM1V2pId3VIYXdzRWcxTk1vUG8rckNSbm5MejNoQSIsIm1hYyI6ImIxYzRjYmFhMjVhYjA1N2MzMmI4NDJhMWQzZTU2MTFmM2YxOTkxOTYxMzczMmYzNjgwNDNjMWI1YzdlZDlmOGMifQ%3D%3D}
2020-11-15 11:59:28.793 febs [http-nio-9527-exec-2] INFO  c.m.f.t.s.impl.KashangPayServiceImpl - {esales_session=eyJpdiI6IjVpb0U1a0NVazlnazVEYVM3QXhsNEE9PSIsInZhbHVlIjoiOFwvNHFpUnFiR0dGQjV6c0dkbzNuZW5ER3JZZ1JsOU1kbmNNUkpaVzZuXC9kcXljdzNyVFFSRWxWOE5oeUtqSmJwIiwibWFjIjoiNmNiZTVlMGU1ZWI0NTRjNjYxZDY3N2IzZmQ0ZWI3MGVjMDg1NDRlNDhmMjIyYjJiYWJjMjE1Yjk4OTY4NDc4MCJ9}
2020-11-15 12:03:14.200 febs [http-nio-9527-exec-4] INFO  o.s.d.r.c.RepositoryConfigurationDelegate - Bootstrapping Spring Data repositories in DEFAULT mode.
2020-11-15 12:03:14.241 febs [http-nio-9527-exec-4] INFO  o.s.d.r.c.RepositoryConfigurationDelegate - Finished Spring Data repository scanning in 35ms. Found 0 repository interfaces.
2020-11-15 12:03:15.083 febs [http-nio-9527-exec-4] INFO  c.m.f.t.s.impl.KashangPayServiceImpl - {esales_session=eyJpdiI6IkFuY2VIRE9YQWZ5THpzUHg0VW1mSUE9PSIsInZhbHVlIjoidHVaQ2pkdDNTdTBGbm8xYW1ib1FreHdQVEJMbXFRYms4akduY2NjMEVXbGRmMDFZNDIxYStGcDI1Wk5xWCthViIsIm1hYyI6ImJjMTJiZGIwYjhlN2I3Mjc5NDA0MzFjNDc5NmQzMDA2OWQyYTJjZWI0ZjlmMThiN2ZiOTYyMjcxNmY0MDBmMDUifQ%3D%3D}
2020-11-15 12:03:15.397 febs [http-nio-9527-exec-4] INFO  c.m.f.t.s.impl.KashangPayServiceImpl - {esales_session=eyJpdiI6IjR1T1RnZlVwNXFSOVVXRlh5dXZ0eHc9PSIsInZhbHVlIjoiTHprbXprSkg0T001MmlXbStXMlBNT1pnN2JwaGVrakY3dTEzNzlCMVwveGpSVkIwOUxXeGN1VHZYVmowOGQ1WkIiLCJtYWMiOiJjZmNlYjdkMGQyNWRlYjIyODkwNWM4NTVkZWU4OWI0NGU3ZmVkNWE1NDE0OTk3MmRhYTQyZmNjYjg5MTkxYjU3In0%3D}
2020-11-15 12:04:30.691 febs [http-nio-9527-exec-7] INFO  c.m.f.t.s.impl.KashangPayServiceImpl - {esales_session=eyJpdiI6ImFKczBtNFFvaWxwb3VhMXBtZ0lWamc9PSIsInZhbHVlIjoiczdOeU1xYU0wbTdcL0c4Y1wveWNmMWJBcldKZkcwcmZ5amZpUGQzNmp2RGtqdmZJSHBSeGlXZDkyOTFQWXZEZW5xIiwibWFjIjoiZTg4YjUwMjNlYWY5ZTE1ZDc1ZDNiMmEwMzE3MzFhNTlkYzg5YzRlMTg1YzcyZDE0MjE1Y2U1YWRhYTUxODQ4NCJ9}
2020-11-15 12:05:58.599 febs [http-nio-9527-exec-7] INFO  c.m.f.t.s.impl.KashangPayServiceImpl - {esales_session=eyJpdiI6IlQ4M1VMNjh2b3N3ekdCOVlVXC9HZVBBPT0iLCJ2YWx1ZSI6IklraHNGYjV5aU9HVitPU1BjOFFuQStHS2xJeFRSZUpNeGlUXC9SMEpjY24zRVArMDNrMGthWEdNcjZvWmhCaklZIiwibWFjIjoiOWQ1ZGNiZjQ3ZDMwNWY1Y2MxMTU2MTBiZmRjNGMyNTkxM2NjZTNjZDEzMjAwOGU4ODI1MGY4NGI3ODZkYjk5MCJ9}
2020-11-15 12:06:11.839 febs [http-nio-9527-exec-10] INFO  o.s.d.r.c.RepositoryConfigurationDelegate - Bootstrapping Spring Data repositories in DEFAULT mode.
2020-11-15 12:06:11.870 febs [http-nio-9527-exec-10] INFO  o.s.d.r.c.RepositoryConfigurationDelegate - Finished Spring Data repository scanning in 31ms. Found 0 repository interfaces.
2020-11-15 12:06:15.722 febs [http-nio-9527-exec-10] INFO  c.m.f.t.s.impl.KashangPayServiceImpl - {esales_session=eyJpdiI6InhEeG1QdGkrdVBcL2F3REQyWUc0VWt3PT0iLCJ2YWx1ZSI6ImJ2TlNDeHFiS0FzcE9HNUpyMEdtT1c3Y2NMMEg2Y1ZyM1B5bWxia3dIVXRcLzc1cEt2NjE0T1RoMFQ0THNqNjVrIiwibWFjIjoiNWY4YjI4NWRlYzNhODBkYWRjYzJjZDQ1NzUzMWJiM2UwZGRhYWMxNWQ2YWJiMGJlZWQ3MjA1OWUyZTk3OWI2NiJ9}
2020-11-15 12:06:16.060 febs [http-nio-9527-exec-10] INFO  c.m.f.t.s.impl.KashangPayServiceImpl - {esales_session=eyJpdiI6InhHQ25DSStCVWVGQnpGUjBsbGlDTVE9PSIsInZhbHVlIjoiYlB6MWRNbUVGdU13bFV3THFKUXphdktscG9Za3IwclVsVmlLbnk0ZlJNUVNtbmR0S1pkbkpUdGh1RkRQbk5VRiIsIm1hYyI6IjU3ZTcxNjZkYjBmOWYyNmM5MDE4OGMxZGZlMTMwZGIwYzczZGM4N2RhOGEzZjk3MmY0M2NlYTJjN2E4MjgwMDgifQ%3D%3D}
2020-11-15 12:06:38.179 febs [http-nio-9527-exec-1] INFO  c.m.f.t.s.impl.KashangPayServiceImpl - {esales_session=eyJpdiI6IlphK1hJMXNxRTNpdXRLNjFZTzhqWEE9PSIsInZhbHVlIjoibHJvV0dvSmNuVkt5bWpDT1J3MVhPVTNKaG9Ea0pmSWRZek82Qm96Y01WK0hLTmZpN0VjNmowUzNcLzltUHZrNHoiLCJtYWMiOiI2NWFkZDM5NmE3YTRhNzc0M2U0NDM1YTA2YTM1NmU4NWFkMjljODBlODk4MzM1YzljZGFlZDViNzhhOTk2NWM5In0%3D}
2020-11-15 12:06:49.711 febs [http-nio-9527-exec-1] INFO  c.m.f.t.s.impl.KashangPayServiceImpl - {esales_session=eyJpdiI6IkJ1YmdTUCs5eEtoK0kzYmxOZXFKa2c9PSIsInZhbHVlIjoiVE9CZnJTcGZmOWVxd3lwZGlzWFFOMlJBczlQZzJ5UXAxamhNbXNYakN3YTh4K0pBanB0UzBwMlBBZjd6NktwTyIsIm1hYyI6IjA0YTA4NDFmNDQyM2Y0MzU0ODU4ODNmODA0YjAwOWY3Y2M1MjkyMmQ1YzcwMDAwOWRmMzU4NDA2YjQwZDhhNTgifQ%3D%3D}
2020-11-15 12:54:54.274 febs [Thread-21] INFO  org.quartz.core.QuartzScheduler - Scheduler quartzScheduler_$_NON_CLUSTERED paused.
2020-11-15 12:54:54.336 febs [Thread-21] INFO  o.s.s.c.ThreadPoolTaskExecutor - Shutting down ExecutorService 'taskExecutor'
2020-11-15 12:54:54.344 febs [Thread-21] INFO  o.s.s.quartz.SchedulerFactoryBean - Shutting down Quartz Scheduler
2020-11-15 12:54:54.344 febs [Thread-21] INFO  org.quartz.core.QuartzScheduler - Scheduler quartzScheduler_$_NON_CLUSTERED shutting down.
2020-11-15 12:54:54.344 febs [Thread-21] INFO  org.quartz.core.QuartzScheduler - Scheduler quartzScheduler_$_NON_CLUSTERED paused.
2020-11-15 12:54:54.346 febs [Thread-21] INFO  org.quartz.core.QuartzScheduler - Scheduler quartzScheduler_$_NON_CLUSTERED shutdown complete.
2020-11-15 12:54:54.360 febs [Thread-21] INFO  c.b.d.d.DynamicRoutingDataSource - dynamic-datasource start closing ....
2020-11-15 12:54:54.368 febs [Thread-21] INFO  com.zaxxer.hikari.HikariDataSource - primary - Shutdown initiated...
2020-11-15 12:54:54.381 febs [Thread-21] INFO  com.zaxxer.hikari.HikariDataSource - primary - Shutdown completed.
2020-11-15 12:54:54.381 febs [Thread-21] INFO  c.b.d.d.DynamicRoutingDataSource - dynamic-datasource all closed success,bye
