2021-02-21 22:20:04.879 febs [main] INFO  cc.mrbird.febs.FebsApplication - Starting FebsApplication on localhost with PID 4552 (started by apple in /Users/apple/workspace/个人工作室/订单管理/tb/backend)
2021-02-21 22:20:04.884 febs [main] INFO  cc.mrbird.febs.FebsApplication - No active profile set, falling back to default profiles: default
2021-02-21 22:20:07.536 febs [main] INFO  o.s.d.r.c.RepositoryConfigurationDelegate - Multiple Spring Data modules found, entering strict repository configuration mode!
2021-02-21 22:20:07.545 febs [main] INFO  o.s.d.r.c.RepositoryConfigurationDelegate - Bootstrapping Spring Data repositories in DEFAULT mode.
2021-02-21 22:20:07.706 febs [main] INFO  o.s.d.r.c.RepositoryConfigurationDelegate - Finished Spring Data repository scanning in 94ms. Found 0 repository interfaces.
2021-02-21 22:20:08.773 febs [main] INFO  o.s.c.s.PostProcessorRegistrationDelegate$BeanPostProcessorChecker - Bean 'asyncExecutorPoolConfig' of type [cc.mrbird.febs.common.config.AsyncExecutorPoolConfig$$EnhancerBySpringCGLIB$$cdbf7dc5] is not eligible for getting processed by all BeanPostProcessors (for example: not eligible for auto-proxying)
2021-02-21 22:20:09.094 febs [main] INFO  o.s.c.s.PostProcessorRegistrationDelegate$BeanPostProcessorChecker - Bean 'spring.datasource.dynamic-com.baomidou.dynamic.datasource.spring.boot.autoconfigure.DynamicDataSourceProperties' of type [com.baomidou.dynamic.datasource.spring.boot.autoconfigure.DynamicDataSourceProperties] is not eligible for getting processed by all BeanPostProcessors (for example: not eligible for auto-proxying)
2021-02-21 22:20:09.423 febs [main] INFO  o.s.c.s.PostProcessorRegistrationDelegate$BeanPostProcessorChecker - Bean 'com.baomidou.dynamic.datasource.spring.boot.autoconfigure.DynamicDataSourceAutoConfiguration' of type [com.baomidou.dynamic.datasource.spring.boot.autoconfigure.DynamicDataSourceAutoConfiguration$$EnhancerBySpringCGLIB$$a80ec969] is not eligible for getting processed by all BeanPostProcessors (for example: not eligible for auto-proxying)
2021-02-21 22:20:09.436 febs [main] INFO  o.s.c.s.PostProcessorRegistrationDelegate$BeanPostProcessorChecker - Bean 'dsProcessor' of type [com.baomidou.dynamic.datasource.processor.DsHeaderProcessor] is not eligible for getting processed by all BeanPostProcessors (for example: not eligible for auto-proxying)
2021-02-21 22:20:09.442 febs [main] INFO  o.s.c.s.PostProcessorRegistrationDelegate$BeanPostProcessorChecker - Bean 'dynamicDatasourceAnnotationAdvisor' of type [com.baomidou.dynamic.datasource.aop.DynamicDataSourceAnnotationAdvisor] is not eligible for getting processed by all BeanPostProcessors (for example: not eligible for auto-proxying)
2021-02-21 22:20:09.453 febs [main] INFO  o.s.c.s.PostProcessorRegistrationDelegate$BeanPostProcessorChecker - Bean 'org.springframework.transaction.annotation.ProxyTransactionManagementConfiguration' of type [org.springframework.transaction.annotation.ProxyTransactionManagementConfiguration$$EnhancerBySpringCGLIB$$3e805898] is not eligible for getting processed by all BeanPostProcessors (for example: not eligible for auto-proxying)
2021-02-21 22:20:09.495 febs [main] INFO  o.s.c.s.PostProcessorRegistrationDelegate$BeanPostProcessorChecker - Bean 'shiroConfig' of type [cc.mrbird.febs.common.authentication.ShiroConfig$$EnhancerBySpringCGLIB$$aa005a41] is not eligible for getting processed by all BeanPostProcessors (for example: not eligible for auto-proxying)
2021-02-21 22:20:09.590 febs [main] INFO  o.s.c.s.PostProcessorRegistrationDelegate$BeanPostProcessorChecker - Bean 'redisConfig' of type [cc.mrbird.febs.common.config.RedisConfig$$EnhancerBySpringCGLIB$$a2c51195] is not eligible for getting processed by all BeanPostProcessors (for example: not eligible for auto-proxying)
2021-02-21 22:20:09.638 febs [main] INFO  o.s.c.s.PostProcessorRegistrationDelegate$BeanPostProcessorChecker - Bean 'redisPoolFactory' of type [redis.clients.jedis.JedisPool] is not eligible for getting processed by all BeanPostProcessors (for example: not eligible for auto-proxying)
2021-02-21 22:20:09.644 febs [main] INFO  o.s.c.s.PostProcessorRegistrationDelegate$BeanPostProcessorChecker - Bean 'redisService' of type [cc.mrbird.febs.common.service.impl.RedisServiceImpl] is not eligible for getting processed by all BeanPostProcessors (for example: not eligible for auto-proxying)
2021-02-21 22:20:09.797 febs [main] INFO  o.s.c.s.PostProcessorRegistrationDelegate$BeanPostProcessorChecker - Bean 'mybatis-plus-com.baomidou.mybatisplus.autoconfigure.MybatisPlusProperties' of type [com.baomidou.mybatisplus.autoconfigure.MybatisPlusProperties] is not eligible for getting processed by all BeanPostProcessors (for example: not eligible for auto-proxying)
2021-02-21 22:20:09.808 febs [main] INFO  o.s.c.s.PostProcessorRegistrationDelegate$BeanPostProcessorChecker - Bean 'mybatisPlusConfig' of type [cc.mrbird.febs.common.config.MybatisPlusConfig$$EnhancerBySpringCGLIB$$9007b4a7] is not eligible for getting processed by all BeanPostProcessors (for example: not eligible for auto-proxying)
2021-02-21 22:20:09.816 febs [main] INFO  o.s.c.s.PostProcessorRegistrationDelegate$BeanPostProcessorChecker - Bean 'paginationInterceptor' of type [com.baomidou.mybatisplus.extension.plugins.PaginationInterceptor] is not eligible for getting processed by all BeanPostProcessors (for example: not eligible for auto-proxying)
2021-02-21 22:20:09.833 febs [main] INFO  o.s.c.s.PostProcessorRegistrationDelegate$BeanPostProcessorChecker - Bean 'com.baomidou.mybatisplus.autoconfigure.MybatisPlusAutoConfiguration' of type [com.baomidou.mybatisplus.autoconfigure.MybatisPlusAutoConfiguration$$EnhancerBySpringCGLIB$$7c48c532] is not eligible for getting processed by all BeanPostProcessors (for example: not eligible for auto-proxying)
2021-02-21 22:20:09.851 febs [main] INFO  o.s.c.s.PostProcessorRegistrationDelegate$BeanPostProcessorChecker - Bean 'dynamicDataSourceCreator' of type [com.baomidou.dynamic.datasource.DynamicDataSourceCreator] is not eligible for getting processed by all BeanPostProcessors (for example: not eligible for auto-proxying)
2021-02-21 22:20:09.853 febs [main] INFO  o.s.c.s.PostProcessorRegistrationDelegate$BeanPostProcessorChecker - Bean 'dynamicDataSourceProvider' of type [com.baomidou.dynamic.datasource.provider.YmlDynamicDataSourceProvider] is not eligible for getting processed by all BeanPostProcessors (for example: not eligible for auto-proxying)
2021-02-21 22:20:09.861 febs [main] INFO  c.b.d.d.DynamicRoutingDataSource - dynamic-datasource detect P6SPY plugin and enabled it
2021-02-21 22:20:09.901 febs [main] INFO  com.zaxxer.hikari.HikariDataSource - primary - Starting...
2021-02-21 22:20:11.009 febs [main] INFO  com.zaxxer.hikari.HikariDataSource - primary - Start completed.
2021-02-21 22:20:11.010 febs [main] INFO  c.b.d.d.DynamicRoutingDataSource - dynamic-datasource - load a datasource named [primary] success
2021-02-21 22:20:11.010 febs [main] INFO  c.b.d.d.DynamicRoutingDataSource - dynamic-datasource initial loaded [1] datasource,primary datasource named [primary]
2021-02-21 22:20:11.010 febs [main] INFO  o.s.c.s.PostProcessorRegistrationDelegate$BeanPostProcessorChecker - Bean 'dataSource' of type [com.baomidou.dynamic.datasource.DynamicRoutingDataSource] is not eligible for getting processed by all BeanPostProcessors (for example: not eligible for auto-proxying)
2021-02-21 22:20:11.028 febs [main] INFO  o.s.c.s.PostProcessorRegistrationDelegate$BeanPostProcessorChecker - Bean 'spring.datasource-org.springframework.boot.autoconfigure.jdbc.DataSourceProperties' of type [org.springframework.boot.autoconfigure.jdbc.DataSourceProperties] is not eligible for getting processed by all BeanPostProcessors (for example: not eligible for auto-proxying)
2021-02-21 22:20:11.043 febs [main] INFO  o.s.c.s.PostProcessorRegistrationDelegate$BeanPostProcessorChecker - Bean 'org.springframework.boot.autoconfigure.jdbc.DataSourceInitializerInvoker' of type [org.springframework.boot.autoconfigure.jdbc.DataSourceInitializerInvoker] is not eligible for getting processed by all BeanPostProcessors (for example: not eligible for auto-proxying)
2021-02-21 22:20:11.870 febs [main] INFO  o.s.c.s.PostProcessorRegistrationDelegate$BeanPostProcessorChecker - Bean 'sqlSessionFactory' of type [org.apache.ibatis.session.defaults.DefaultSqlSessionFactory] is not eligible for getting processed by all BeanPostProcessors (for example: not eligible for auto-proxying)
2021-02-21 22:20:11.883 febs [main] INFO  o.s.c.s.PostProcessorRegistrationDelegate$BeanPostProcessorChecker - Bean 'sqlSessionTemplate' of type [org.mybatis.spring.SqlSessionTemplate] is not eligible for getting processed by all BeanPostProcessors (for example: not eligible for auto-proxying)
2021-02-21 22:20:11.888 febs [main] INFO  o.s.c.s.PostProcessorRegistrationDelegate$BeanPostProcessorChecker - Bean 'roleMapper' of type [org.mybatis.spring.mapper.MapperFactoryBean] is not eligible for getting processed by all BeanPostProcessors (for example: not eligible for auto-proxying)
2021-02-21 22:20:11.895 febs [main] INFO  o.s.c.s.PostProcessorRegistrationDelegate$BeanPostProcessorChecker - Bean 'roleMapper' of type [com.sun.proxy.$Proxy112] is not eligible for getting processed by all BeanPostProcessors (for example: not eligible for auto-proxying)
2021-02-21 22:20:11.928 febs [main] INFO  o.s.c.s.PostProcessorRegistrationDelegate$BeanPostProcessorChecker - Bean 'roleMenuMapper' of type [org.mybatis.spring.mapper.MapperFactoryBean] is not eligible for getting processed by all BeanPostProcessors (for example: not eligible for auto-proxying)
2021-02-21 22:20:11.934 febs [main] INFO  o.s.c.s.PostProcessorRegistrationDelegate$BeanPostProcessorChecker - Bean 'roleMenuMapper' of type [com.sun.proxy.$Proxy113] is not eligible for getting processed by all BeanPostProcessors (for example: not eligible for auto-proxying)
2021-02-21 22:20:11.944 febs [main] INFO  o.s.c.s.PostProcessorRegistrationDelegate$BeanPostProcessorChecker - Bean 'userRoleMapper' of type [org.mybatis.spring.mapper.MapperFactoryBean] is not eligible for getting processed by all BeanPostProcessors (for example: not eligible for auto-proxying)
2021-02-21 22:20:11.949 febs [main] INFO  o.s.c.s.PostProcessorRegistrationDelegate$BeanPostProcessorChecker - Bean 'userRoleMapper' of type [com.sun.proxy.$Proxy114] is not eligible for getting processed by all BeanPostProcessors (for example: not eligible for auto-proxying)
2021-02-21 22:20:11.951 febs [main] INFO  o.s.c.s.PostProcessorRegistrationDelegate$BeanPostProcessorChecker - Bean 'userRoleService' of type [cc.mrbird.febs.system.service.impl.UserRoleServiceImpl] is not eligible for getting processed by all BeanPostProcessors (for example: not eligible for auto-proxying)
2021-02-21 22:20:12.063 febs [main] INFO  o.s.c.s.PostProcessorRegistrationDelegate$BeanPostProcessorChecker - Bean 'roleMenuService' of type [cc.mrbird.febs.system.service.impl.RoleMenuServiceImpl] is not eligible for getting processed by all BeanPostProcessors (for example: not eligible for auto-proxying)
2021-02-21 22:20:12.107 febs [main] INFO  o.s.c.s.PostProcessorRegistrationDelegate$BeanPostProcessorChecker - Bean 'roleService' of type [cc.mrbird.febs.system.service.impl.RoleServiceImpl] is not eligible for getting processed by all BeanPostProcessors (for example: not eligible for auto-proxying)
2021-02-21 22:20:12.197 febs [main] INFO  o.s.c.s.PostProcessorRegistrationDelegate$BeanPostProcessorChecker - Bean 'menuMapper' of type [org.mybatis.spring.mapper.MapperFactoryBean] is not eligible for getting processed by all BeanPostProcessors (for example: not eligible for auto-proxying)
2021-02-21 22:20:12.204 febs [main] INFO  o.s.c.s.PostProcessorRegistrationDelegate$BeanPostProcessorChecker - Bean 'menuMapper' of type [com.sun.proxy.$Proxy118] is not eligible for getting processed by all BeanPostProcessors (for example: not eligible for auto-proxying)
2021-02-21 22:20:12.208 febs [main] INFO  o.s.c.s.PostProcessorRegistrationDelegate$BeanPostProcessorChecker - Bean 'menuService' of type [cc.mrbird.febs.system.service.impl.MenuServiceImpl] is not eligible for getting processed by all BeanPostProcessors (for example: not eligible for auto-proxying)
2021-02-21 22:20:12.257 febs [main] INFO  o.s.c.s.PostProcessorRegistrationDelegate$BeanPostProcessorChecker - Bean 'userMapper' of type [org.mybatis.spring.mapper.MapperFactoryBean] is not eligible for getting processed by all BeanPostProcessors (for example: not eligible for auto-proxying)
2021-02-21 22:20:12.262 febs [main] INFO  o.s.c.s.PostProcessorRegistrationDelegate$BeanPostProcessorChecker - Bean 'userMapper' of type [com.sun.proxy.$Proxy120] is not eligible for getting processed by all BeanPostProcessors (for example: not eligible for auto-proxying)
2021-02-21 22:20:12.295 febs [main] INFO  o.s.c.s.PostProcessorRegistrationDelegate$BeanPostProcessorChecker - Bean 'userConfigMapper' of type [org.mybatis.spring.mapper.MapperFactoryBean] is not eligible for getting processed by all BeanPostProcessors (for example: not eligible for auto-proxying)
2021-02-21 22:20:12.300 febs [main] INFO  o.s.c.s.PostProcessorRegistrationDelegate$BeanPostProcessorChecker - Bean 'userConfigMapper' of type [com.sun.proxy.$Proxy121] is not eligible for getting processed by all BeanPostProcessors (for example: not eligible for auto-proxying)
2021-02-21 22:20:12.304 febs [main] INFO  o.s.c.s.PostProcessorRegistrationDelegate$BeanPostProcessorChecker - Bean 'userConfigService' of type [cc.mrbird.febs.system.service.impl.UserConfigServiceImpl] is not eligible for getting processed by all BeanPostProcessors (for example: not eligible for auto-proxying)
2021-02-21 22:20:12.352 febs [main] INFO  o.s.c.s.PostProcessorRegistrationDelegate$BeanPostProcessorChecker - Bean 'userService' of type [cc.mrbird.febs.system.service.impl.UserServiceImpl] is not eligible for getting processed by all BeanPostProcessors (for example: not eligible for auto-proxying)
2021-02-21 22:20:12.404 febs [main] INFO  o.s.c.s.PostProcessorRegistrationDelegate$BeanPostProcessorChecker - Bean 'org.springframework.boot.autoconfigure.jackson.JacksonAutoConfiguration$JacksonObjectMapperConfiguration' of type [org.springframework.boot.autoconfigure.jackson.JacksonAutoConfiguration$JacksonObjectMapperConfiguration$$EnhancerBySpringCGLIB$$9a13d829] is not eligible for getting processed by all BeanPostProcessors (for example: not eligible for auto-proxying)
2021-02-21 22:20:12.409 febs [main] INFO  o.s.c.s.PostProcessorRegistrationDelegate$BeanPostProcessorChecker - Bean 'org.springframework.boot.autoconfigure.jackson.JacksonAutoConfiguration$JacksonObjectMapperBuilderConfiguration' of type [org.springframework.boot.autoconfigure.jackson.JacksonAutoConfiguration$JacksonObjectMapperBuilderConfiguration$$EnhancerBySpringCGLIB$$4c609a42] is not eligible for getting processed by all BeanPostProcessors (for example: not eligible for auto-proxying)
2021-02-21 22:20:12.414 febs [main] INFO  o.s.c.s.PostProcessorRegistrationDelegate$BeanPostProcessorChecker - Bean 'org.springframework.boot.autoconfigure.jackson.JacksonAutoConfiguration$Jackson2ObjectMapperBuilderCustomizerConfiguration' of type [org.springframework.boot.autoconfigure.jackson.JacksonAutoConfiguration$Jackson2ObjectMapperBuilderCustomizerConfiguration$$EnhancerBySpringCGLIB$$7778031] is not eligible for getting processed by all BeanPostProcessors (for example: not eligible for auto-proxying)
2021-02-21 22:20:12.425 febs [main] INFO  o.s.c.s.PostProcessorRegistrationDelegate$BeanPostProcessorChecker - Bean 'spring.jackson-org.springframework.boot.autoconfigure.jackson.JacksonProperties' of type [org.springframework.boot.autoconfigure.jackson.JacksonProperties] is not eligible for getting processed by all BeanPostProcessors (for example: not eligible for auto-proxying)
2021-02-21 22:20:12.431 febs [main] INFO  o.s.c.s.PostProcessorRegistrationDelegate$BeanPostProcessorChecker - Bean 'standardJacksonObjectMapperBuilderCustomizer' of type [org.springframework.boot.autoconfigure.jackson.JacksonAutoConfiguration$Jackson2ObjectMapperBuilderCustomizerConfiguration$StandardJackson2ObjectMapperBuilderCustomizer] is not eligible for getting processed by all BeanPostProcessors (for example: not eligible for auto-proxying)
2021-02-21 22:20:12.449 febs [main] INFO  o.s.c.s.PostProcessorRegistrationDelegate$BeanPostProcessorChecker - Bean 'org.springframework.boot.autoconfigure.jackson.JacksonAutoConfiguration$ParameterNamesModuleConfiguration' of type [org.springframework.boot.autoconfigure.jackson.JacksonAutoConfiguration$ParameterNamesModuleConfiguration$$EnhancerBySpringCGLIB$$2e42f75f] is not eligible for getting processed by all BeanPostProcessors (for example: not eligible for auto-proxying)
2021-02-21 22:20:12.461 febs [main] INFO  o.s.c.s.PostProcessorRegistrationDelegate$BeanPostProcessorChecker - Bean 'parameterNamesModule' of type [com.fasterxml.jackson.module.paramnames.ParameterNamesModule] is not eligible for getting processed by all BeanPostProcessors (for example: not eligible for auto-proxying)
2021-02-21 22:20:12.467 febs [main] INFO  o.s.c.s.PostProcessorRegistrationDelegate$BeanPostProcessorChecker - Bean 'org.springframework.boot.autoconfigure.jackson.JacksonAutoConfiguration' of type [org.springframework.boot.autoconfigure.jackson.JacksonAutoConfiguration$$EnhancerBySpringCGLIB$$7c1f75b8] is not eligible for getting processed by all BeanPostProcessors (for example: not eligible for auto-proxying)
2021-02-21 22:20:12.485 febs [main] INFO  o.s.c.s.PostProcessorRegistrationDelegate$BeanPostProcessorChecker - Bean 'jsonComponentModule' of type [org.springframework.boot.jackson.JsonComponentModule] is not eligible for getting processed by all BeanPostProcessors (for example: not eligible for auto-proxying)
2021-02-21 22:20:12.487 febs [main] INFO  o.s.c.s.PostProcessorRegistrationDelegate$BeanPostProcessorChecker - Bean 'org.springframework.ksAccountData.web.config.SpringDataJacksonConfiguration' of type [org.springframework.ksAccountData.web.config.SpringDataJacksonConfiguration] is not eligible for getting processed by all BeanPostProcessors (for example: not eligible for auto-proxying)
2021-02-21 22:20:12.499 febs [main] INFO  o.s.c.s.PostProcessorRegistrationDelegate$BeanPostProcessorChecker - Bean 'jacksonGeoModule' of type [org.springframework.ksAccountData.geo.GeoModule] is not eligible for getting processed by all BeanPostProcessors (for example: not eligible for auto-proxying)
2021-02-21 22:20:12.504 febs [main] INFO  o.s.c.s.PostProcessorRegistrationDelegate$BeanPostProcessorChecker - Bean 'jacksonObjectMapperBuilder' of type [org.springframework.http.converter.json.Jackson2ObjectMapperBuilder] is not eligible for getting processed by all BeanPostProcessors (for example: not eligible for auto-proxying)
2021-02-21 22:20:12.563 febs [main] INFO  o.s.c.s.PostProcessorRegistrationDelegate$BeanPostProcessorChecker - Bean 'jacksonObjectMapper' of type [com.fasterxml.jackson.databind.ObjectMapper] is not eligible for getting processed by all BeanPostProcessors (for example: not eligible for auto-proxying)
2021-02-21 22:20:12.581 febs [main] INFO  o.s.c.s.PostProcessorRegistrationDelegate$BeanPostProcessorChecker - Bean 'cacheService' of type [cc.mrbird.febs.common.service.impl.CacheServiceImpl] is not eligible for getting processed by all BeanPostProcessors (for example: not eligible for auto-proxying)
2021-02-21 22:20:12.593 febs [main] INFO  o.s.c.s.PostProcessorRegistrationDelegate$BeanPostProcessorChecker - Bean 'userManager' of type [cc.mrbird.febs.system.manager.UserManager] is not eligible for getting processed by all BeanPostProcessors (for example: not eligible for auto-proxying)
2021-02-21 22:20:12.594 febs [main] INFO  o.s.c.s.PostProcessorRegistrationDelegate$BeanPostProcessorChecker - Bean 'shiroRealm' of type [cc.mrbird.febs.common.authentication.ShiroRealm] is not eligible for getting processed by all BeanPostProcessors (for example: not eligible for auto-proxying)
2021-02-21 22:20:12.607 febs [main] INFO  o.s.c.s.PostProcessorRegistrationDelegate$BeanPostProcessorChecker - Bean 'securityManager' of type [org.apache.shiro.web.mgt.DefaultWebSecurityManager] is not eligible for getting processed by all BeanPostProcessors (for example: not eligible for auto-proxying)
2021-02-21 22:20:12.631 febs [main] INFO  o.s.c.s.PostProcessorRegistrationDelegate$BeanPostProcessorChecker - Bean 'authorizationAttributeSourceAdvisor' of type [org.apache.shiro.spring.security.interceptor.AuthorizationAttributeSourceAdvisor] is not eligible for getting processed by all BeanPostProcessors (for example: not eligible for auto-proxying)
2021-02-21 22:20:13.420 febs [main] INFO  o.s.b.w.e.tomcat.TomcatWebServer - Tomcat initialized with port(s): 9527 (http)
2021-02-21 22:20:13.483 febs [main] INFO  o.a.coyote.http11.Http11NioProtocol - Initializing ProtocolHandler ["http-nio-9527"]
2021-02-21 22:20:13.495 febs [main] INFO  o.a.catalina.core.StandardService - Starting service [Tomcat]
2021-02-21 22:20:13.496 febs [main] INFO  o.a.catalina.core.StandardEngine - Starting Servlet engine: [Apache Tomcat/9.0.22]
2021-02-21 22:20:13.857 febs [main] INFO  o.a.c.c.C.[Tomcat].[localhost].[/] - Initializing Spring embedded WebApplicationContext
2021-02-21 22:20:13.857 febs [main] INFO  o.s.web.context.ContextLoader - Root WebApplicationContext: initialization completed in 8872 ms
2021-02-21 22:20:15.473 febs [main] INFO  org.quartz.impl.StdSchedulerFactory - Using default implementation for ThreadExecutor
2021-02-21 22:20:15.513 febs [main] INFO  o.quartz.core.SchedulerSignalerImpl - Initialized Scheduler Signaller of type: class org.quartz.core.SchedulerSignalerImpl
2021-02-21 22:20:15.513 febs [main] INFO  org.quartz.core.QuartzScheduler - Quartz Scheduler v.2.3.1 created.
2021-02-21 22:20:15.515 febs [main] INFO  org.quartz.simpl.RAMJobStore - RAMJobStore initialized.
2021-02-21 22:20:15.516 febs [main] INFO  org.quartz.core.QuartzScheduler - Scheduler meta-ksAccountData: Quartz Scheduler (v2.3.1) 'quartzScheduler' with instanceId 'NON_CLUSTERED'
  Scheduler class: 'org.quartz.core.QuartzScheduler' - running locally.
  NOT STARTED.
  Currently in standby mode.
  Number of jobs executed: 0
  Using thread pool 'org.quartz.simpl.SimpleThreadPool' - with 10 threads.
  Using job-store 'org.quartz.simpl.RAMJobStore' - which does not support persistence. and is not clustered.

2021-02-21 22:20:15.516 febs [main] INFO  org.quartz.impl.StdSchedulerFactory - Quartz scheduler 'quartzScheduler' initialized from an externally provided properties instance.
2021-02-21 22:20:15.516 febs [main] INFO  org.quartz.impl.StdSchedulerFactory - Quartz scheduler version: 2.3.1
2021-02-21 22:20:15.516 febs [main] INFO  org.quartz.core.QuartzScheduler - JobFactory set to: org.springframework.scheduling.quartz.SpringBeanJobFactory@7682a0bd
2021-02-21 22:20:15.969 febs [main] INFO  p6spy - 2021-02-21 22:20:15 | 耗时 172 ms | SQL 语句：
select job_id jobId, bean_name beanName, method_name methodName, params, cron_expression cronExpression, status, remark, create_time createTime from t_job order by job_id;
2021-02-21 22:20:16.472 febs [main] INFO  c.m.f.t.s.impl.OrderCommitService - 淘宝商品id初始化完成618358001284;616417053198
2021-02-21 22:20:18.030 febs [main] INFO  o.s.b.a.e.web.EndpointLinksResolver - Exposing 2 endpoint(s) beneath base path '/actuator'
2021-02-21 22:20:18.250 febs [main] INFO  o.s.s.c.ThreadPoolTaskExecutor - Initializing ExecutorService 'taskExecutor'
2021-02-21 22:20:18.294 febs [main] INFO  s.d.s.w.PropertySourcedRequestMappingHandlerMapping - Mapped URL path [/v2/api-docs] onto method [public org.springframework.http.ResponseEntity<springfox.documentation.spring.web.json.Json> springfox.documentation.swagger2.web.Swagger2Controller.getDocumentation(java.lang.String,javax.servlet.http.HttpServletRequest)]
2021-02-21 22:20:20.521 febs [main] INFO  s.d.s.w.p.DocumentationPluginsBootstrapper - Context refreshed
2021-02-21 22:20:20.584 febs [main] INFO  s.d.s.w.p.DocumentationPluginsBootstrapper - Found 1 custom documentation plugin(s)
2021-02-21 22:20:20.679 febs [main] INFO  s.d.s.w.s.ApiListingReferenceScanner - Scanning for api listing references
2021-02-21 22:20:21.031 febs [main] INFO  s.d.s.w.r.o.CachingOperationNameGenerator - Generating unique operation named: exportUsingPOST_1
2021-02-21 22:20:21.046 febs [main] INFO  s.d.s.w.r.o.CachingOperationNameGenerator - Generating unique operation named: exportUsingPOST_2
2021-02-21 22:20:21.060 febs [main] INFO  s.d.s.w.r.o.CachingOperationNameGenerator - Generating unique operation named: exportUsingPOST_3
2021-02-21 22:20:21.069 febs [main] INFO  s.d.s.w.r.o.CachingOperationNameGenerator - Generating unique operation named: exportUsingPOST_4
2021-02-21 22:20:21.089 febs [main] INFO  s.d.s.w.r.o.CachingOperationNameGenerator - Generating unique operation named: exportUsingPOST_5
2021-02-21 22:20:21.127 febs [main] INFO  s.d.s.w.r.o.CachingOperationNameGenerator - Generating unique operation named: exportUsingPOST_6
2021-02-21 22:20:21.135 febs [main] INFO  s.d.s.w.r.o.CachingOperationNameGenerator - Generating unique operation named: beforeBuyPushUsingGET_1
2021-02-21 22:20:21.136 febs [main] INFO  s.d.s.w.r.o.CachingOperationNameGenerator - Generating unique operation named: beforeBuyPushUsingHEAD_1
2021-02-21 22:20:21.136 febs [main] INFO  s.d.s.w.r.o.CachingOperationNameGenerator - Generating unique operation named: beforeBuyPushUsingPOST_1
2021-02-21 22:20:21.137 febs [main] INFO  s.d.s.w.r.o.CachingOperationNameGenerator - Generating unique operation named: beforeBuyPushUsingPUT_1
2021-02-21 22:20:21.138 febs [main] INFO  s.d.s.w.r.o.CachingOperationNameGenerator - Generating unique operation named: beforeBuyPushUsingPATCH_1
2021-02-21 22:20:21.139 febs [main] INFO  s.d.s.w.r.o.CachingOperationNameGenerator - Generating unique operation named: beforeBuyPushUsingDELETE_1
2021-02-21 22:20:21.140 febs [main] INFO  s.d.s.w.r.o.CachingOperationNameGenerator - Generating unique operation named: beforeBuyPushUsingOPTIONS_1
2021-02-21 22:20:21.140 febs [main] INFO  s.d.s.w.r.o.CachingOperationNameGenerator - Generating unique operation named: beforeBuyPushUsingTRACE_1
2021-02-21 22:20:21.186 febs [main] INFO  s.d.s.w.r.o.CachingOperationNameGenerator - Generating unique operation named: exportUsingPOST_7
2021-02-21 22:20:21.208 febs [main] INFO  s.d.s.w.r.o.CachingOperationNameGenerator - Generating unique operation named: exportUsingPOST_8
2021-02-21 22:20:21.249 febs [main] INFO  o.s.s.quartz.SchedulerFactoryBean - Starting Quartz Scheduler now
2021-02-21 22:20:21.249 febs [main] INFO  org.quartz.core.QuartzScheduler - Scheduler quartzScheduler_$_NON_CLUSTERED started.
2021-02-21 22:20:21.267 febs [main] INFO  o.a.coyote.http11.Http11NioProtocol - Starting ProtocolHandler ["http-nio-9527"]
2021-02-21 22:20:21.324 febs [main] INFO  o.s.b.w.e.tomcat.TomcatWebServer - Tomcat started on port(s): 9527 (http) with context path ''
2021-02-21 22:20:21.332 febs [main] INFO  cc.mrbird.febs.FebsApplication - Started FebsApplication in 18.236 seconds (JVM running for 27.614)
2021-02-21 22:20:21.349 febs [main] INFO  c.m.f.common.runner.CacheInitRunner - Redis连接中 ······
2021-02-21 22:20:21.382 febs [main] INFO  c.m.f.common.runner.CacheInitRunner - 缓存初始化 ······
2021-02-21 22:20:21.383 febs [main] INFO  c.m.f.common.runner.CacheInitRunner - 缓存用户数据 ······
2021-02-21 22:20:21.563 febs [main] INFO  p6spy - 2021-02-21 22:20:21 | 耗时 42 ms | SQL 语句：
SELECT USER_ID,description,password,modify_time,email,ssex,mobile,dept_id,avatar,last_login_time,create_time,status,username FROM t_user;
2021-02-21 22:20:21.610 febs [main] INFO  p6spy - 2021-02-21 22:20:21 | 耗时 34 ms | SQL 语句：
SELECT u.user_id userId, u.username, u.password, u.email, u.mobile, u. STATUS, u.create_time createTime, u.ssex, d.dept_id deptId, d.dept_name deptName, u.AVATAR, u.DESCRIPTION, u.LAST_LOGIN_TIME lastLoginTime, GROUP_CONCAT(r.role_id) roleId, GROUP_CONCAT(r.ROLE_NAME) roleName FROM t_user u LEFT JOIN t_dept d ON (u.dept_id = d.dept_id) LEFT JOIN t_user_role ur ON (u.user_id = ur.user_id) LEFT JOIN t_role r ON r.role_id = ur.role_id WHERE u.username = 'mrbird' group by u.username, u.user_id, u.password, u.email, u.mobile, u.STATUS, u.create_time, u.ssex, d.dept_id, d.dept_name, u.AVATAR, u.DESCRIPTION, u.LAST_LOGIN_TIME;
2021-02-21 22:20:21.876 febs [main] INFO  p6spy - 2021-02-21 22:20:21 | 耗时 36 ms | SQL 语句：
select r.* from t_role r left join t_user_role ur on (r.role_id = ur.role_id) left join t_user u on (u.user_id = ur.user_id) where u.username = 'mrbird';
2021-02-21 22:20:22.036 febs [main] INFO  p6spy - 2021-02-21 22:20:22 | 耗时 34 ms | SQL 语句：
select distinct m.perms from t_role r left join t_user_role ur on (r.role_id = ur.role_id) left join t_user u on (u.user_id = ur.user_id) left join t_role_menu rm on (rm.role_id = r.role_id) left join t_menu m on (m.menu_id = rm.menu_id) where u.username = 'mrbird' and m.perms is not null and m.perms <> '';
2021-02-21 22:20:22.211 febs [main] INFO  p6spy - 2021-02-21 22:20:22 | 耗时 30 ms | SQL 语句：
SELECT USER_ID,layout,color,multi_page,fix_siderbar,fix_header,theme FROM t_user_config WHERE USER_ID='1' ;
2021-02-21 22:20:22.318 febs [main] INFO  p6spy - 2021-02-21 22:20:22 | 耗时 31 ms | SQL 语句：
SELECT u.user_id userId, u.username, u.password, u.email, u.mobile, u. STATUS, u.create_time createTime, u.ssex, d.dept_id deptId, d.dept_name deptName, u.AVATAR, u.DESCRIPTION, u.LAST_LOGIN_TIME lastLoginTime, GROUP_CONCAT(r.role_id) roleId, GROUP_CONCAT(r.ROLE_NAME) roleName FROM t_user u LEFT JOIN t_dept d ON (u.dept_id = d.dept_id) LEFT JOIN t_user_role ur ON (u.user_id = ur.user_id) LEFT JOIN t_role r ON r.role_id = ur.role_id WHERE u.username = 'scott' group by u.username, u.user_id, u.password, u.email, u.mobile, u.STATUS, u.create_time, u.ssex, d.dept_id, d.dept_name, u.AVATAR, u.DESCRIPTION, u.LAST_LOGIN_TIME;
2021-02-21 22:20:22.418 febs [main] INFO  p6spy - 2021-02-21 22:20:22 | 耗时 33 ms | SQL 语句：
select r.* from t_role r left join t_user_role ur on (r.role_id = ur.role_id) left join t_user u on (u.user_id = ur.user_id) where u.username = 'scott';
2021-02-21 22:20:22.524 febs [main] INFO  p6spy - 2021-02-21 22:20:22 | 耗时 40 ms | SQL 语句：
select distinct m.perms from t_role r left join t_user_role ur on (r.role_id = ur.role_id) left join t_user u on (u.user_id = ur.user_id) left join t_role_menu rm on (rm.role_id = r.role_id) left join t_menu m on (m.menu_id = rm.menu_id) where u.username = 'scott' and m.perms is not null and m.perms <> '';
2021-02-21 22:20:22.626 febs [main] INFO  p6spy - 2021-02-21 22:20:22 | 耗时 30 ms | SQL 语句：
SELECT USER_ID,layout,color,multi_page,fix_siderbar,fix_header,theme FROM t_user_config WHERE USER_ID='2' ;
2021-02-21 22:20:22.739 febs [main] INFO  p6spy - 2021-02-21 22:20:22 | 耗时 49 ms | SQL 语句：
SELECT u.user_id userId, u.username, u.password, u.email, u.mobile, u. STATUS, u.create_time createTime, u.ssex, d.dept_id deptId, d.dept_name deptName, u.AVATAR, u.DESCRIPTION, u.LAST_LOGIN_TIME lastLoginTime, GROUP_CONCAT(r.role_id) roleId, GROUP_CONCAT(r.ROLE_NAME) roleName FROM t_user u LEFT JOIN t_dept d ON (u.dept_id = d.dept_id) LEFT JOIN t_user_role ur ON (u.user_id = ur.user_id) LEFT JOIN t_role r ON r.role_id = ur.role_id WHERE u.username = 'jack' group by u.username, u.user_id, u.password, u.email, u.mobile, u.STATUS, u.create_time, u.ssex, d.dept_id, d.dept_name, u.AVATAR, u.DESCRIPTION, u.LAST_LOGIN_TIME;
2021-02-21 22:20:22.833 febs [main] INFO  p6spy - 2021-02-21 22:20:22 | 耗时 30 ms | SQL 语句：
select r.* from t_role r left join t_user_role ur on (r.role_id = ur.role_id) left join t_user u on (u.user_id = ur.user_id) where u.username = 'jack';
2021-02-21 22:20:22.932 febs [main] INFO  p6spy - 2021-02-21 22:20:22 | 耗时 31 ms | SQL 语句：
select distinct m.perms from t_role r left join t_user_role ur on (r.role_id = ur.role_id) left join t_user u on (u.user_id = ur.user_id) left join t_role_menu rm on (rm.role_id = r.role_id) left join t_menu m on (m.menu_id = rm.menu_id) where u.username = 'jack' and m.perms is not null and m.perms <> '';
2021-02-21 22:20:23.035 febs [main] INFO  p6spy - 2021-02-21 22:20:23 | 耗时 32 ms | SQL 语句：
SELECT USER_ID,layout,color,multi_page,fix_siderbar,fix_header,theme FROM t_user_config WHERE USER_ID='12' ;
2021-02-21 22:20:23.105 febs [main] INFO  c.m.f.common.runner.StartedUpRunner -  __    ___   _      ___   _     ____ _____  ____
2021-02-21 22:20:23.106 febs [main] INFO  c.m.f.common.runner.StartedUpRunner - / /`  / / \ | |\/| | |_) | |   | |_   | |  | |_
2021-02-21 22:20:23.106 febs [main] INFO  c.m.f.common.runner.StartedUpRunner - \_\_, \_\_/ |_|  | |_|   |_|__ |_|__  |_|  |_|__
2021-02-21 22:20:23.106 febs [main] INFO  c.m.f.common.runner.StartedUpRunner -
2021-02-21 22:20:23.107 febs [main] INFO  c.m.f.common.runner.StartedUpRunner - FEBS 启动完毕，时间：2021-02-21T22:20:23.107
2021-02-21 22:20:54.146 febs [http-nio-9527-exec-1] INFO  o.a.c.c.C.[Tomcat].[localhost].[/] - Initializing Spring DispatcherServlet 'dispatcherServlet'
2021-02-21 22:20:54.147 febs [http-nio-9527-exec-1] INFO  o.s.web.servlet.DispatcherServlet - Initializing Servlet 'dispatcherServlet'
2021-02-21 22:20:54.171 febs [http-nio-9527-exec-1] INFO  o.s.web.servlet.DispatcherServlet - Completed initialization in 23 ms
2021-02-21 22:36:34.550 febs [Thread-21] INFO  o.s.d.r.c.RepositoryConfigurationDelegate - Bootstrapping Spring Data repositories in DEFAULT mode.
2021-02-21 22:36:34.673 febs [Thread-21] INFO  o.s.d.r.c.RepositoryConfigurationDelegate - Finished Spring Data repository scanning in 122ms. Found 0 repository interfaces.
2021-02-21 22:36:35.604 febs [Thread-21] INFO  org.quartz.core.QuartzScheduler - Scheduler quartzScheduler_$_NON_CLUSTERED paused.
2021-02-21 22:36:35.623 febs [Thread-21] INFO  o.s.s.c.ThreadPoolTaskExecutor - Shutting down ExecutorService 'taskExecutor'
2021-02-21 22:36:35.629 febs [Thread-21] INFO  o.s.s.quartz.SchedulerFactoryBean - Shutting down Quartz Scheduler
2021-02-21 22:36:35.630 febs [Thread-21] INFO  org.quartz.core.QuartzScheduler - Scheduler quartzScheduler_$_NON_CLUSTERED shutting down.
2021-02-21 22:36:35.630 febs [Thread-21] INFO  org.quartz.core.QuartzScheduler - Scheduler quartzScheduler_$_NON_CLUSTERED paused.
2021-02-21 22:36:35.630 febs [Thread-21] INFO  org.quartz.core.QuartzScheduler - Scheduler quartzScheduler_$_NON_CLUSTERED shutdown complete.
2021-02-21 22:36:35.640 febs [Thread-21] INFO  c.b.d.d.DynamicRoutingDataSource - dynamic-datasource start closing ....
2021-02-21 22:36:35.642 febs [Thread-21] INFO  com.zaxxer.hikari.HikariDataSource - primary - Shutdown initiated...
2021-02-21 22:36:35.647 febs [Thread-21] INFO  com.zaxxer.hikari.HikariDataSource - primary - Shutdown completed.
2021-02-21 22:36:35.647 febs [Thread-21] INFO  c.b.d.d.DynamicRoutingDataSource - dynamic-datasource all closed success,bye
2021-02-21 22:36:46.364 febs [main] INFO  cc.mrbird.febs.FebsApplication - Starting FebsApplication on localhost with PID 4825 (started by apple in /Users/apple/workspace/个人工作室/订单管理/tb/backend)
2021-02-21 22:36:46.368 febs [main] INFO  cc.mrbird.febs.FebsApplication - No active profile set, falling back to default profiles: default
2021-02-21 22:36:48.044 febs [main] INFO  o.s.d.r.c.RepositoryConfigurationDelegate - Multiple Spring Data modules found, entering strict repository configuration mode!
2021-02-21 22:36:48.047 febs [main] INFO  o.s.d.r.c.RepositoryConfigurationDelegate - Bootstrapping Spring Data repositories in DEFAULT mode.
2021-02-21 22:36:48.144 febs [main] INFO  o.s.d.r.c.RepositoryConfigurationDelegate - Finished Spring Data repository scanning in 73ms. Found 0 repository interfaces.
2021-02-21 22:36:48.803 febs [main] INFO  o.s.c.s.PostProcessorRegistrationDelegate$BeanPostProcessorChecker - Bean 'asyncExecutorPoolConfig' of type [cc.mrbird.febs.common.config.AsyncExecutorPoolConfig$$EnhancerBySpringCGLIB$$d058c3d9] is not eligible for getting processed by all BeanPostProcessors (for example: not eligible for auto-proxying)
2021-02-21 22:36:49.211 febs [main] INFO  o.s.c.s.PostProcessorRegistrationDelegate$BeanPostProcessorChecker - Bean 'spring.datasource.dynamic-com.baomidou.dynamic.datasource.spring.boot.autoconfigure.DynamicDataSourceProperties' of type [com.baomidou.dynamic.datasource.spring.boot.autoconfigure.DynamicDataSourceProperties] is not eligible for getting processed by all BeanPostProcessors (for example: not eligible for auto-proxying)
2021-02-21 22:36:49.345 febs [main] INFO  o.s.c.s.PostProcessorRegistrationDelegate$BeanPostProcessorChecker - Bean 'com.baomidou.dynamic.datasource.spring.boot.autoconfigure.DynamicDataSourceAutoConfiguration' of type [com.baomidou.dynamic.datasource.spring.boot.autoconfigure.DynamicDataSourceAutoConfiguration$$EnhancerBySpringCGLIB$$aaa80f7d] is not eligible for getting processed by all BeanPostProcessors (for example: not eligible for auto-proxying)
2021-02-21 22:36:49.360 febs [main] INFO  o.s.c.s.PostProcessorRegistrationDelegate$BeanPostProcessorChecker - Bean 'dsProcessor' of type [com.baomidou.dynamic.datasource.processor.DsHeaderProcessor] is not eligible for getting processed by all BeanPostProcessors (for example: not eligible for auto-proxying)
2021-02-21 22:36:49.364 febs [main] INFO  o.s.c.s.PostProcessorRegistrationDelegate$BeanPostProcessorChecker - Bean 'dynamicDatasourceAnnotationAdvisor' of type [com.baomidou.dynamic.datasource.aop.DynamicDataSourceAnnotationAdvisor] is not eligible for getting processed by all BeanPostProcessors (for example: not eligible for auto-proxying)
2021-02-21 22:36:49.374 febs [main] INFO  o.s.c.s.PostProcessorRegistrationDelegate$BeanPostProcessorChecker - Bean 'org.springframework.transaction.annotation.ProxyTransactionManagementConfiguration' of type [org.springframework.transaction.annotation.ProxyTransactionManagementConfiguration$$EnhancerBySpringCGLIB$$41199eac] is not eligible for getting processed by all BeanPostProcessors (for example: not eligible for auto-proxying)
2021-02-21 22:36:49.400 febs [main] INFO  o.s.c.s.PostProcessorRegistrationDelegate$BeanPostProcessorChecker - Bean 'shiroConfig' of type [cc.mrbird.febs.common.authentication.ShiroConfig$$EnhancerBySpringCGLIB$$ac99a055] is not eligible for getting processed by all BeanPostProcessors (for example: not eligible for auto-proxying)
2021-02-21 22:36:49.470 febs [main] INFO  o.s.c.s.PostProcessorRegistrationDelegate$BeanPostProcessorChecker - Bean 'redisConfig' of type [cc.mrbird.febs.common.config.RedisConfig$$EnhancerBySpringCGLIB$$a55e57a9] is not eligible for getting processed by all BeanPostProcessors (for example: not eligible for auto-proxying)
2021-02-21 22:36:49.504 febs [main] INFO  o.s.c.s.PostProcessorRegistrationDelegate$BeanPostProcessorChecker - Bean 'redisPoolFactory' of type [redis.clients.jedis.JedisPool] is not eligible for getting processed by all BeanPostProcessors (for example: not eligible for auto-proxying)
2021-02-21 22:36:49.509 febs [main] INFO  o.s.c.s.PostProcessorRegistrationDelegate$BeanPostProcessorChecker - Bean 'redisService' of type [cc.mrbird.febs.common.service.impl.RedisServiceImpl] is not eligible for getting processed by all BeanPostProcessors (for example: not eligible for auto-proxying)
2021-02-21 22:36:49.598 febs [main] INFO  o.s.c.s.PostProcessorRegistrationDelegate$BeanPostProcessorChecker - Bean 'mybatis-plus-com.baomidou.mybatisplus.autoconfigure.MybatisPlusProperties' of type [com.baomidou.mybatisplus.autoconfigure.MybatisPlusProperties] is not eligible for getting processed by all BeanPostProcessors (for example: not eligible for auto-proxying)
2021-02-21 22:36:49.608 febs [main] INFO  o.s.c.s.PostProcessorRegistrationDelegate$BeanPostProcessorChecker - Bean 'mybatisPlusConfig' of type [cc.mrbird.febs.common.config.MybatisPlusConfig$$EnhancerBySpringCGLIB$$92a0fabb] is not eligible for getting processed by all BeanPostProcessors (for example: not eligible for auto-proxying)
2021-02-21 22:36:49.616 febs [main] INFO  o.s.c.s.PostProcessorRegistrationDelegate$BeanPostProcessorChecker - Bean 'paginationInterceptor' of type [com.baomidou.mybatisplus.extension.plugins.PaginationInterceptor] is not eligible for getting processed by all BeanPostProcessors (for example: not eligible for auto-proxying)
2021-02-21 22:36:49.633 febs [main] INFO  o.s.c.s.PostProcessorRegistrationDelegate$BeanPostProcessorChecker - Bean 'com.baomidou.mybatisplus.autoconfigure.MybatisPlusAutoConfiguration' of type [com.baomidou.mybatisplus.autoconfigure.MybatisPlusAutoConfiguration$$EnhancerBySpringCGLIB$$7ee20b46] is not eligible for getting processed by all BeanPostProcessors (for example: not eligible for auto-proxying)
2021-02-21 22:36:49.650 febs [main] INFO  o.s.c.s.PostProcessorRegistrationDelegate$BeanPostProcessorChecker - Bean 'dynamicDataSourceCreator' of type [com.baomidou.dynamic.datasource.DynamicDataSourceCreator] is not eligible for getting processed by all BeanPostProcessors (for example: not eligible for auto-proxying)
2021-02-21 22:36:49.652 febs [main] INFO  o.s.c.s.PostProcessorRegistrationDelegate$BeanPostProcessorChecker - Bean 'dynamicDataSourceProvider' of type [com.baomidou.dynamic.datasource.provider.YmlDynamicDataSourceProvider] is not eligible for getting processed by all BeanPostProcessors (for example: not eligible for auto-proxying)
2021-02-21 22:36:49.657 febs [main] INFO  c.b.d.d.DynamicRoutingDataSource - dynamic-datasource detect P6SPY plugin and enabled it
2021-02-21 22:36:49.691 febs [main] INFO  com.zaxxer.hikari.HikariDataSource - primary - Starting...
2021-02-21 22:36:50.352 febs [main] INFO  com.zaxxer.hikari.HikariDataSource - primary - Start completed.
2021-02-21 22:36:50.352 febs [main] INFO  c.b.d.d.DynamicRoutingDataSource - dynamic-datasource - load a datasource named [primary] success
2021-02-21 22:36:50.352 febs [main] INFO  c.b.d.d.DynamicRoutingDataSource - dynamic-datasource initial loaded [1] datasource,primary datasource named [primary]
2021-02-21 22:36:50.352 febs [main] INFO  o.s.c.s.PostProcessorRegistrationDelegate$BeanPostProcessorChecker - Bean 'dataSource' of type [com.baomidou.dynamic.datasource.DynamicRoutingDataSource] is not eligible for getting processed by all BeanPostProcessors (for example: not eligible for auto-proxying)
2021-02-21 22:36:50.368 febs [main] INFO  o.s.c.s.PostProcessorRegistrationDelegate$BeanPostProcessorChecker - Bean 'spring.datasource-org.springframework.boot.autoconfigure.jdbc.DataSourceProperties' of type [org.springframework.boot.autoconfigure.jdbc.DataSourceProperties] is not eligible for getting processed by all BeanPostProcessors (for example: not eligible for auto-proxying)
2021-02-21 22:36:50.381 febs [main] INFO  o.s.c.s.PostProcessorRegistrationDelegate$BeanPostProcessorChecker - Bean 'org.springframework.boot.autoconfigure.jdbc.DataSourceInitializerInvoker' of type [org.springframework.boot.autoconfigure.jdbc.DataSourceInitializerInvoker] is not eligible for getting processed by all BeanPostProcessors (for example: not eligible for auto-proxying)
2021-02-21 22:36:50.964 febs [main] INFO  o.s.c.s.PostProcessorRegistrationDelegate$BeanPostProcessorChecker - Bean 'sqlSessionFactory' of type [org.apache.ibatis.session.defaults.DefaultSqlSessionFactory] is not eligible for getting processed by all BeanPostProcessors (for example: not eligible for auto-proxying)
2021-02-21 22:36:50.977 febs [main] INFO  o.s.c.s.PostProcessorRegistrationDelegate$BeanPostProcessorChecker - Bean 'sqlSessionTemplate' of type [org.mybatis.spring.SqlSessionTemplate] is not eligible for getting processed by all BeanPostProcessors (for example: not eligible for auto-proxying)
2021-02-21 22:36:50.983 febs [main] INFO  o.s.c.s.PostProcessorRegistrationDelegate$BeanPostProcessorChecker - Bean 'roleMapper' of type [org.mybatis.spring.mapper.MapperFactoryBean] is not eligible for getting processed by all BeanPostProcessors (for example: not eligible for auto-proxying)
2021-02-21 22:36:50.991 febs [main] INFO  o.s.c.s.PostProcessorRegistrationDelegate$BeanPostProcessorChecker - Bean 'roleMapper' of type [com.sun.proxy.$Proxy112] is not eligible for getting processed by all BeanPostProcessors (for example: not eligible for auto-proxying)
2021-02-21 22:36:51.023 febs [main] INFO  o.s.c.s.PostProcessorRegistrationDelegate$BeanPostProcessorChecker - Bean 'roleMenuMapper' of type [org.mybatis.spring.mapper.MapperFactoryBean] is not eligible for getting processed by all BeanPostProcessors (for example: not eligible for auto-proxying)
2021-02-21 22:36:51.028 febs [main] INFO  o.s.c.s.PostProcessorRegistrationDelegate$BeanPostProcessorChecker - Bean 'roleMenuMapper' of type [com.sun.proxy.$Proxy113] is not eligible for getting processed by all BeanPostProcessors (for example: not eligible for auto-proxying)
2021-02-21 22:36:51.038 febs [main] INFO  o.s.c.s.PostProcessorRegistrationDelegate$BeanPostProcessorChecker - Bean 'userRoleMapper' of type [org.mybatis.spring.mapper.MapperFactoryBean] is not eligible for getting processed by all BeanPostProcessors (for example: not eligible for auto-proxying)
2021-02-21 22:36:51.043 febs [main] INFO  o.s.c.s.PostProcessorRegistrationDelegate$BeanPostProcessorChecker - Bean 'userRoleMapper' of type [com.sun.proxy.$Proxy114] is not eligible for getting processed by all BeanPostProcessors (for example: not eligible for auto-proxying)
2021-02-21 22:36:51.044 febs [main] INFO  o.s.c.s.PostProcessorRegistrationDelegate$BeanPostProcessorChecker - Bean 'userRoleService' of type [cc.mrbird.febs.system.service.impl.UserRoleServiceImpl] is not eligible for getting processed by all BeanPostProcessors (for example: not eligible for auto-proxying)
2021-02-21 22:36:51.125 febs [main] INFO  o.s.c.s.PostProcessorRegistrationDelegate$BeanPostProcessorChecker - Bean 'roleMenuService' of type [cc.mrbird.febs.system.service.impl.RoleMenuServiceImpl] is not eligible for getting processed by all BeanPostProcessors (for example: not eligible for auto-proxying)
2021-02-21 22:36:51.170 febs [main] INFO  o.s.c.s.PostProcessorRegistrationDelegate$BeanPostProcessorChecker - Bean 'roleService' of type [cc.mrbird.febs.system.service.impl.RoleServiceImpl] is not eligible for getting processed by all BeanPostProcessors (for example: not eligible for auto-proxying)
2021-02-21 22:36:51.228 febs [main] INFO  o.s.c.s.PostProcessorRegistrationDelegate$BeanPostProcessorChecker - Bean 'menuMapper' of type [org.mybatis.spring.mapper.MapperFactoryBean] is not eligible for getting processed by all BeanPostProcessors (for example: not eligible for auto-proxying)
2021-02-21 22:36:51.234 febs [main] INFO  o.s.c.s.PostProcessorRegistrationDelegate$BeanPostProcessorChecker - Bean 'menuMapper' of type [com.sun.proxy.$Proxy118] is not eligible for getting processed by all BeanPostProcessors (for example: not eligible for auto-proxying)
2021-02-21 22:36:51.238 febs [main] INFO  o.s.c.s.PostProcessorRegistrationDelegate$BeanPostProcessorChecker - Bean 'menuService' of type [cc.mrbird.febs.system.service.impl.MenuServiceImpl] is not eligible for getting processed by all BeanPostProcessors (for example: not eligible for auto-proxying)
2021-02-21 22:36:51.294 febs [main] INFO  o.s.c.s.PostProcessorRegistrationDelegate$BeanPostProcessorChecker - Bean 'userMapper' of type [org.mybatis.spring.mapper.MapperFactoryBean] is not eligible for getting processed by all BeanPostProcessors (for example: not eligible for auto-proxying)
2021-02-21 22:36:51.300 febs [main] INFO  o.s.c.s.PostProcessorRegistrationDelegate$BeanPostProcessorChecker - Bean 'userMapper' of type [com.sun.proxy.$Proxy120] is not eligible for getting processed by all BeanPostProcessors (for example: not eligible for auto-proxying)
2021-02-21 22:36:51.342 febs [main] INFO  o.s.c.s.PostProcessorRegistrationDelegate$BeanPostProcessorChecker - Bean 'userConfigMapper' of type [org.mybatis.spring.mapper.MapperFactoryBean] is not eligible for getting processed by all BeanPostProcessors (for example: not eligible for auto-proxying)
2021-02-21 22:36:51.346 febs [main] INFO  o.s.c.s.PostProcessorRegistrationDelegate$BeanPostProcessorChecker - Bean 'userConfigMapper' of type [com.sun.proxy.$Proxy121] is not eligible for getting processed by all BeanPostProcessors (for example: not eligible for auto-proxying)
2021-02-21 22:36:51.351 febs [main] INFO  o.s.c.s.PostProcessorRegistrationDelegate$BeanPostProcessorChecker - Bean 'userConfigService' of type [cc.mrbird.febs.system.service.impl.UserConfigServiceImpl] is not eligible for getting processed by all BeanPostProcessors (for example: not eligible for auto-proxying)
2021-02-21 22:36:51.401 febs [main] INFO  o.s.c.s.PostProcessorRegistrationDelegate$BeanPostProcessorChecker - Bean 'userService' of type [cc.mrbird.febs.system.service.impl.UserServiceImpl] is not eligible for getting processed by all BeanPostProcessors (for example: not eligible for auto-proxying)
2021-02-21 22:36:51.452 febs [main] INFO  o.s.c.s.PostProcessorRegistrationDelegate$BeanPostProcessorChecker - Bean 'org.springframework.boot.autoconfigure.jackson.JacksonAutoConfiguration$JacksonObjectMapperConfiguration' of type [org.springframework.boot.autoconfigure.jackson.JacksonAutoConfiguration$JacksonObjectMapperConfiguration$$EnhancerBySpringCGLIB$$9cad1e3d] is not eligible for getting processed by all BeanPostProcessors (for example: not eligible for auto-proxying)
2021-02-21 22:36:51.460 febs [main] INFO  o.s.c.s.PostProcessorRegistrationDelegate$BeanPostProcessorChecker - Bean 'org.springframework.boot.autoconfigure.jackson.JacksonAutoConfiguration$JacksonObjectMapperBuilderConfiguration' of type [org.springframework.boot.autoconfigure.jackson.JacksonAutoConfiguration$JacksonObjectMapperBuilderConfiguration$$EnhancerBySpringCGLIB$$4ef9e056] is not eligible for getting processed by all BeanPostProcessors (for example: not eligible for auto-proxying)
2021-02-21 22:36:51.465 febs [main] INFO  o.s.c.s.PostProcessorRegistrationDelegate$BeanPostProcessorChecker - Bean 'org.springframework.boot.autoconfigure.jackson.JacksonAutoConfiguration$Jackson2ObjectMapperBuilderCustomizerConfiguration' of type [org.springframework.boot.autoconfigure.jackson.JacksonAutoConfiguration$Jackson2ObjectMapperBuilderCustomizerConfiguration$$EnhancerBySpringCGLIB$$a10c645] is not eligible for getting processed by all BeanPostProcessors (for example: not eligible for auto-proxying)
2021-02-21 22:36:51.476 febs [main] INFO  o.s.c.s.PostProcessorRegistrationDelegate$BeanPostProcessorChecker - Bean 'spring.jackson-org.springframework.boot.autoconfigure.jackson.JacksonProperties' of type [org.springframework.boot.autoconfigure.jackson.JacksonProperties] is not eligible for getting processed by all BeanPostProcessors (for example: not eligible for auto-proxying)
2021-02-21 22:36:51.482 febs [main] INFO  o.s.c.s.PostProcessorRegistrationDelegate$BeanPostProcessorChecker - Bean 'standardJacksonObjectMapperBuilderCustomizer' of type [org.springframework.boot.autoconfigure.jackson.JacksonAutoConfiguration$Jackson2ObjectMapperBuilderCustomizerConfiguration$StandardJackson2ObjectMapperBuilderCustomizer] is not eligible for getting processed by all BeanPostProcessors (for example: not eligible for auto-proxying)
2021-02-21 22:36:51.496 febs [main] INFO  o.s.c.s.PostProcessorRegistrationDelegate$BeanPostProcessorChecker - Bean 'org.springframework.boot.autoconfigure.jackson.JacksonAutoConfiguration$ParameterNamesModuleConfiguration' of type [org.springframework.boot.autoconfigure.jackson.JacksonAutoConfiguration$ParameterNamesModuleConfiguration$$EnhancerBySpringCGLIB$$30dc3d73] is not eligible for getting processed by all BeanPostProcessors (for example: not eligible for auto-proxying)
2021-02-21 22:36:51.507 febs [main] INFO  o.s.c.s.PostProcessorRegistrationDelegate$BeanPostProcessorChecker - Bean 'parameterNamesModule' of type [com.fasterxml.jackson.module.paramnames.ParameterNamesModule] is not eligible for getting processed by all BeanPostProcessors (for example: not eligible for auto-proxying)
2021-02-21 22:36:51.511 febs [main] INFO  o.s.c.s.PostProcessorRegistrationDelegate$BeanPostProcessorChecker - Bean 'org.springframework.boot.autoconfigure.jackson.JacksonAutoConfiguration' of type [org.springframework.boot.autoconfigure.jackson.JacksonAutoConfiguration$$EnhancerBySpringCGLIB$$7eb8bbcc] is not eligible for getting processed by all BeanPostProcessors (for example: not eligible for auto-proxying)
2021-02-21 22:36:51.531 febs [main] INFO  o.s.c.s.PostProcessorRegistrationDelegate$BeanPostProcessorChecker - Bean 'jsonComponentModule' of type [org.springframework.boot.jackson.JsonComponentModule] is not eligible for getting processed by all BeanPostProcessors (for example: not eligible for auto-proxying)
2021-02-21 22:36:51.533 febs [main] INFO  o.s.c.s.PostProcessorRegistrationDelegate$BeanPostProcessorChecker - Bean 'org.springframework.ksAccountData.web.config.SpringDataJacksonConfiguration' of type [org.springframework.ksAccountData.web.config.SpringDataJacksonConfiguration] is not eligible for getting processed by all BeanPostProcessors (for example: not eligible for auto-proxying)
2021-02-21 22:36:51.539 febs [main] INFO  o.s.c.s.PostProcessorRegistrationDelegate$BeanPostProcessorChecker - Bean 'jacksonGeoModule' of type [org.springframework.ksAccountData.geo.GeoModule] is not eligible for getting processed by all BeanPostProcessors (for example: not eligible for auto-proxying)
2021-02-21 22:36:51.542 febs [main] INFO  o.s.c.s.PostProcessorRegistrationDelegate$BeanPostProcessorChecker - Bean 'jacksonObjectMapperBuilder' of type [org.springframework.http.converter.json.Jackson2ObjectMapperBuilder] is not eligible for getting processed by all BeanPostProcessors (for example: not eligible for auto-proxying)
2021-02-21 22:36:51.574 febs [main] INFO  o.s.c.s.PostProcessorRegistrationDelegate$BeanPostProcessorChecker - Bean 'jacksonObjectMapper' of type [com.fasterxml.jackson.databind.ObjectMapper] is not eligible for getting processed by all BeanPostProcessors (for example: not eligible for auto-proxying)
2021-02-21 22:36:51.593 febs [main] INFO  o.s.c.s.PostProcessorRegistrationDelegate$BeanPostProcessorChecker - Bean 'cacheService' of type [cc.mrbird.febs.common.service.impl.CacheServiceImpl] is not eligible for getting processed by all BeanPostProcessors (for example: not eligible for auto-proxying)
2021-02-21 22:36:51.600 febs [main] INFO  o.s.c.s.PostProcessorRegistrationDelegate$BeanPostProcessorChecker - Bean 'userManager' of type [cc.mrbird.febs.system.manager.UserManager] is not eligible for getting processed by all BeanPostProcessors (for example: not eligible for auto-proxying)
2021-02-21 22:36:51.601 febs [main] INFO  o.s.c.s.PostProcessorRegistrationDelegate$BeanPostProcessorChecker - Bean 'shiroRealm' of type [cc.mrbird.febs.common.authentication.ShiroRealm] is not eligible for getting processed by all BeanPostProcessors (for example: not eligible for auto-proxying)
2021-02-21 22:36:51.611 febs [main] INFO  o.s.c.s.PostProcessorRegistrationDelegate$BeanPostProcessorChecker - Bean 'securityManager' of type [org.apache.shiro.web.mgt.DefaultWebSecurityManager] is not eligible for getting processed by all BeanPostProcessors (for example: not eligible for auto-proxying)
2021-02-21 22:36:51.633 febs [main] INFO  o.s.c.s.PostProcessorRegistrationDelegate$BeanPostProcessorChecker - Bean 'authorizationAttributeSourceAdvisor' of type [org.apache.shiro.spring.security.interceptor.AuthorizationAttributeSourceAdvisor] is not eligible for getting processed by all BeanPostProcessors (for example: not eligible for auto-proxying)
2021-02-21 22:36:52.223 febs [main] INFO  o.s.b.w.e.tomcat.TomcatWebServer - Tomcat initialized with port(s): 9527 (http)
2021-02-21 22:36:52.247 febs [main] INFO  o.a.coyote.http11.Http11NioProtocol - Initializing ProtocolHandler ["http-nio-9527"]
2021-02-21 22:36:52.258 febs [main] INFO  o.a.catalina.core.StandardService - Starting service [Tomcat]
2021-02-21 22:36:52.258 febs [main] INFO  o.a.catalina.core.StandardEngine - Starting Servlet engine: [Apache Tomcat/9.0.22]
2021-02-21 22:36:52.419 febs [main] INFO  o.a.c.c.C.[Tomcat].[localhost].[/] - Initializing Spring embedded WebApplicationContext
2021-02-21 22:36:52.419 febs [main] INFO  o.s.web.context.ContextLoader - Root WebApplicationContext: initialization completed in 5972 ms
2021-02-21 22:36:53.694 febs [main] INFO  org.quartz.impl.StdSchedulerFactory - Using default implementation for ThreadExecutor
2021-02-21 22:36:53.710 febs [main] INFO  o.quartz.core.SchedulerSignalerImpl - Initialized Scheduler Signaller of type: class org.quartz.core.SchedulerSignalerImpl
2021-02-21 22:36:53.710 febs [main] INFO  org.quartz.core.QuartzScheduler - Quartz Scheduler v.2.3.1 created.
2021-02-21 22:36:53.711 febs [main] INFO  org.quartz.simpl.RAMJobStore - RAMJobStore initialized.
2021-02-21 22:36:53.712 febs [main] INFO  org.quartz.core.QuartzScheduler - Scheduler meta-ksAccountData: Quartz Scheduler (v2.3.1) 'quartzScheduler' with instanceId 'NON_CLUSTERED'
  Scheduler class: 'org.quartz.core.QuartzScheduler' - running locally.
  NOT STARTED.
  Currently in standby mode.
  Number of jobs executed: 0
  Using thread pool 'org.quartz.simpl.SimpleThreadPool' - with 10 threads.
  Using job-store 'org.quartz.simpl.RAMJobStore' - which does not support persistence. and is not clustered.

2021-02-21 22:36:53.712 febs [main] INFO  org.quartz.impl.StdSchedulerFactory - Quartz scheduler 'quartzScheduler' initialized from an externally provided properties instance.
2021-02-21 22:36:53.712 febs [main] INFO  org.quartz.impl.StdSchedulerFactory - Quartz scheduler version: 2.3.1
2021-02-21 22:36:53.712 febs [main] INFO  org.quartz.core.QuartzScheduler - JobFactory set to: org.springframework.scheduling.quartz.SpringBeanJobFactory@298f8835
2021-02-21 22:36:55.348 febs [main] INFO  p6spy - 2021-02-21 22:36:55 | 耗时 1392 ms | SQL 语句：
select job_id jobId, bean_name beanName, method_name methodName, params, cron_expression cronExpression, status, remark, create_time createTime from t_job order by job_id;
2021-02-21 22:36:55.755 febs [main] INFO  c.m.f.t.s.impl.OrderCommitService - 淘宝商品id初始化完成618358001284;616417053198
2021-02-21 22:36:57.160 febs [main] INFO  o.s.b.a.e.web.EndpointLinksResolver - Exposing 2 endpoint(s) beneath base path '/actuator'
2021-02-21 22:36:57.374 febs [main] INFO  o.s.s.c.ThreadPoolTaskExecutor - Initializing ExecutorService 'taskExecutor'
2021-02-21 22:36:57.423 febs [main] INFO  s.d.s.w.PropertySourcedRequestMappingHandlerMapping - Mapped URL path [/v2/api-docs] onto method [public org.springframework.http.ResponseEntity<springfox.documentation.spring.web.json.Json> springfox.documentation.swagger2.web.Swagger2Controller.getDocumentation(java.lang.String,javax.servlet.http.HttpServletRequest)]
2021-02-21 22:36:59.080 febs [main] INFO  s.d.s.w.p.DocumentationPluginsBootstrapper - Context refreshed
2021-02-21 22:36:59.111 febs [main] INFO  s.d.s.w.p.DocumentationPluginsBootstrapper - Found 1 custom documentation plugin(s)
2021-02-21 22:36:59.177 febs [main] INFO  s.d.s.w.s.ApiListingReferenceScanner - Scanning for api listing references
2021-02-21 22:36:59.434 febs [main] INFO  s.d.s.w.r.o.CachingOperationNameGenerator - Generating unique operation named: exportUsingPOST_1
2021-02-21 22:36:59.447 febs [main] INFO  s.d.s.w.r.o.CachingOperationNameGenerator - Generating unique operation named: exportUsingPOST_2
2021-02-21 22:36:59.462 febs [main] INFO  s.d.s.w.r.o.CachingOperationNameGenerator - Generating unique operation named: exportUsingPOST_3
2021-02-21 22:36:59.470 febs [main] INFO  s.d.s.w.r.o.CachingOperationNameGenerator - Generating unique operation named: exportUsingPOST_4
2021-02-21 22:36:59.491 febs [main] INFO  s.d.s.w.r.o.CachingOperationNameGenerator - Generating unique operation named: exportUsingPOST_5
2021-02-21 22:36:59.527 febs [main] INFO  s.d.s.w.r.o.CachingOperationNameGenerator - Generating unique operation named: exportUsingPOST_6
2021-02-21 22:36:59.535 febs [main] INFO  s.d.s.w.r.o.CachingOperationNameGenerator - Generating unique operation named: beforeBuyPushUsingGET_1
2021-02-21 22:36:59.536 febs [main] INFO  s.d.s.w.r.o.CachingOperationNameGenerator - Generating unique operation named: beforeBuyPushUsingHEAD_1
2021-02-21 22:36:59.537 febs [main] INFO  s.d.s.w.r.o.CachingOperationNameGenerator - Generating unique operation named: beforeBuyPushUsingPOST_1
2021-02-21 22:36:59.537 febs [main] INFO  s.d.s.w.r.o.CachingOperationNameGenerator - Generating unique operation named: beforeBuyPushUsingPUT_1
2021-02-21 22:36:59.538 febs [main] INFO  s.d.s.w.r.o.CachingOperationNameGenerator - Generating unique operation named: beforeBuyPushUsingPATCH_1
2021-02-21 22:36:59.539 febs [main] INFO  s.d.s.w.r.o.CachingOperationNameGenerator - Generating unique operation named: beforeBuyPushUsingDELETE_1
2021-02-21 22:36:59.540 febs [main] INFO  s.d.s.w.r.o.CachingOperationNameGenerator - Generating unique operation named: beforeBuyPushUsingOPTIONS_1
2021-02-21 22:36:59.541 febs [main] INFO  s.d.s.w.r.o.CachingOperationNameGenerator - Generating unique operation named: beforeBuyPushUsingTRACE_1
2021-02-21 22:36:59.583 febs [main] INFO  s.d.s.w.r.o.CachingOperationNameGenerator - Generating unique operation named: exportUsingPOST_7
2021-02-21 22:36:59.606 febs [main] INFO  s.d.s.w.r.o.CachingOperationNameGenerator - Generating unique operation named: exportUsingPOST_8
2021-02-21 22:36:59.634 febs [main] INFO  o.s.s.quartz.SchedulerFactoryBean - Starting Quartz Scheduler now
2021-02-21 22:36:59.634 febs [main] INFO  org.quartz.core.QuartzScheduler - Scheduler quartzScheduler_$_NON_CLUSTERED started.
2021-02-21 22:36:59.647 febs [main] INFO  o.a.coyote.http11.Http11NioProtocol - Starting ProtocolHandler ["http-nio-9527"]
2021-02-21 22:36:59.686 febs [main] INFO  o.s.b.w.e.tomcat.TomcatWebServer - Tomcat started on port(s): 9527 (http) with context path ''
2021-02-21 22:36:59.693 febs [main] INFO  cc.mrbird.febs.FebsApplication - Started FebsApplication in 14.347 seconds (JVM running for 19.081)
2021-02-21 22:36:59.707 febs [main] INFO  c.m.f.common.runner.CacheInitRunner - Redis连接中 ······
2021-02-21 22:36:59.737 febs [main] INFO  c.m.f.common.runner.CacheInitRunner - 缓存初始化 ······
2021-02-21 22:36:59.737 febs [main] INFO  c.m.f.common.runner.CacheInitRunner - 缓存用户数据 ······
2021-02-21 22:36:59.857 febs [main] INFO  p6spy - 2021-02-21 22:36:59 | 耗时 30 ms | SQL 语句：
SELECT USER_ID,description,password,modify_time,email,ssex,mobile,dept_id,avatar,last_login_time,create_time,status,username FROM t_user;
2021-02-21 22:36:59.917 febs [main] INFO  p6spy - 2021-02-21 22:36:59 | 耗时 49 ms | SQL 语句：
SELECT u.user_id userId, u.username, u.password, u.email, u.mobile, u. STATUS, u.create_time createTime, u.ssex, d.dept_id deptId, d.dept_name deptName, u.AVATAR, u.DESCRIPTION, u.LAST_LOGIN_TIME lastLoginTime, GROUP_CONCAT(r.role_id) roleId, GROUP_CONCAT(r.ROLE_NAME) roleName FROM t_user u LEFT JOIN t_dept d ON (u.dept_id = d.dept_id) LEFT JOIN t_user_role ur ON (u.user_id = ur.user_id) LEFT JOIN t_role r ON r.role_id = ur.role_id WHERE u.username = 'mrbird' group by u.username, u.user_id, u.password, u.email, u.mobile, u.STATUS, u.create_time, u.ssex, d.dept_id, d.dept_name, u.AVATAR, u.DESCRIPTION, u.LAST_LOGIN_TIME;
2021-02-21 22:37:00.112 febs [main] INFO  p6spy - 2021-02-21 22:37:00 | 耗时 42 ms | SQL 语句：
select r.* from t_role r left join t_user_role ur on (r.role_id = ur.role_id) left join t_user u on (u.user_id = ur.user_id) where u.username = 'mrbird';
2021-02-21 22:37:00.237 febs [main] INFO  p6spy - 2021-02-21 22:37:00 | 耗时 30 ms | SQL 语句：
select distinct m.perms from t_role r left join t_user_role ur on (r.role_id = ur.role_id) left join t_user u on (u.user_id = ur.user_id) left join t_role_menu rm on (rm.role_id = r.role_id) left join t_menu m on (m.menu_id = rm.menu_id) where u.username = 'mrbird' and m.perms is not null and m.perms <> '';
2021-02-21 22:37:00.369 febs [main] INFO  p6spy - 2021-02-21 22:37:00 | 耗时 34 ms | SQL 语句：
SELECT USER_ID,layout,color,multi_page,fix_siderbar,fix_header,theme FROM t_user_config WHERE USER_ID='1' ;
2021-02-21 22:37:00.478 febs [main] INFO  p6spy - 2021-02-21 22:37:00 | 耗时 29 ms | SQL 语句：
SELECT u.user_id userId, u.username, u.password, u.email, u.mobile, u. STATUS, u.create_time createTime, u.ssex, d.dept_id deptId, d.dept_name deptName, u.AVATAR, u.DESCRIPTION, u.LAST_LOGIN_TIME lastLoginTime, GROUP_CONCAT(r.role_id) roleId, GROUP_CONCAT(r.ROLE_NAME) roleName FROM t_user u LEFT JOIN t_dept d ON (u.dept_id = d.dept_id) LEFT JOIN t_user_role ur ON (u.user_id = ur.user_id) LEFT JOIN t_role r ON r.role_id = ur.role_id WHERE u.username = 'scott' group by u.username, u.user_id, u.password, u.email, u.mobile, u.STATUS, u.create_time, u.ssex, d.dept_id, d.dept_name, u.AVATAR, u.DESCRIPTION, u.LAST_LOGIN_TIME;
2021-02-21 22:37:00.565 febs [main] INFO  p6spy - 2021-02-21 22:37:00 | 耗时 28 ms | SQL 语句：
select r.* from t_role r left join t_user_role ur on (r.role_id = ur.role_id) left join t_user u on (u.user_id = ur.user_id) where u.username = 'scott';
2021-02-21 22:37:00.657 febs [main] INFO  p6spy - 2021-02-21 22:37:00 | 耗时 33 ms | SQL 语句：
select distinct m.perms from t_role r left join t_user_role ur on (r.role_id = ur.role_id) left join t_user u on (u.user_id = ur.user_id) left join t_role_menu rm on (rm.role_id = r.role_id) left join t_menu m on (m.menu_id = rm.menu_id) where u.username = 'scott' and m.perms is not null and m.perms <> '';
2021-02-21 22:37:00.773 febs [main] INFO  p6spy - 2021-02-21 22:37:00 | 耗时 29 ms | SQL 语句：
SELECT USER_ID,layout,color,multi_page,fix_siderbar,fix_header,theme FROM t_user_config WHERE USER_ID='2' ;
2021-02-21 22:37:00.871 febs [main] INFO  p6spy - 2021-02-21 22:37:00 | 耗时 40 ms | SQL 语句：
SELECT u.user_id userId, u.username, u.password, u.email, u.mobile, u. STATUS, u.create_time createTime, u.ssex, d.dept_id deptId, d.dept_name deptName, u.AVATAR, u.DESCRIPTION, u.LAST_LOGIN_TIME lastLoginTime, GROUP_CONCAT(r.role_id) roleId, GROUP_CONCAT(r.ROLE_NAME) roleName FROM t_user u LEFT JOIN t_dept d ON (u.dept_id = d.dept_id) LEFT JOIN t_user_role ur ON (u.user_id = ur.user_id) LEFT JOIN t_role r ON r.role_id = ur.role_id WHERE u.username = 'jack' group by u.username, u.user_id, u.password, u.email, u.mobile, u.STATUS, u.create_time, u.ssex, d.dept_id, d.dept_name, u.AVATAR, u.DESCRIPTION, u.LAST_LOGIN_TIME;
2021-02-21 22:37:00.958 febs [main] INFO  p6spy - 2021-02-21 22:37:00 | 耗时 30 ms | SQL 语句：
select r.* from t_role r left join t_user_role ur on (r.role_id = ur.role_id) left join t_user u on (u.user_id = ur.user_id) where u.username = 'jack';
2021-02-21 22:37:01.077 febs [main] INFO  p6spy - 2021-02-21 22:37:01 | 耗时 29 ms | SQL 语句：
select distinct m.perms from t_role r left join t_user_role ur on (r.role_id = ur.role_id) left join t_user u on (u.user_id = ur.user_id) left join t_role_menu rm on (rm.role_id = r.role_id) left join t_menu m on (m.menu_id = rm.menu_id) where u.username = 'jack' and m.perms is not null and m.perms <> '';
2021-02-21 22:37:01.166 febs [main] INFO  p6spy - 2021-02-21 22:37:01 | 耗时 28 ms | SQL 语句：
SELECT USER_ID,layout,color,multi_page,fix_siderbar,fix_header,theme FROM t_user_config WHERE USER_ID='12' ;
2021-02-21 22:37:01.220 febs [main] INFO  c.m.f.common.runner.StartedUpRunner -  __    ___   _      ___   _     ____ _____  ____
2021-02-21 22:37:01.221 febs [main] INFO  c.m.f.common.runner.StartedUpRunner - / /`  / / \ | |\/| | |_) | |   | |_   | |  | |_
2021-02-21 22:37:01.221 febs [main] INFO  c.m.f.common.runner.StartedUpRunner - \_\_, \_\_/ |_|  | |_|   |_|__ |_|__  |_|  |_|__
2021-02-21 22:37:01.222 febs [main] INFO  c.m.f.common.runner.StartedUpRunner -
2021-02-21 22:37:01.222 febs [main] INFO  c.m.f.common.runner.StartedUpRunner - FEBS 启动完毕，时间：2021-02-21T22:37:01.222
2021-02-21 22:37:01.424 febs [RMI TCP Connection(4)-127.0.0.1] INFO  o.a.c.c.C.[Tomcat].[localhost].[/] - Initializing Spring DispatcherServlet 'dispatcherServlet'
2021-02-21 22:37:01.424 febs [RMI TCP Connection(4)-127.0.0.1] INFO  o.s.web.servlet.DispatcherServlet - Initializing Servlet 'dispatcherServlet'
2021-02-21 22:37:01.443 febs [RMI TCP Connection(4)-127.0.0.1] INFO  o.s.web.servlet.DispatcherServlet - Completed initialization in 19 ms
2021-02-21 22:37:01.613 febs [RMI TCP Connection(5)-127.0.0.1] INFO  p6spy - 2021-02-21 22:37:01 | 耗时 33 ms | SQL 语句：
select 1;
2021-02-21 22:57:10.935 febs [http-nio-9527-exec-3] INFO  o.s.d.r.c.RepositoryConfigurationDelegate - Bootstrapping Spring Data repositories in DEFAULT mode.
2021-02-21 22:57:10.996 febs [http-nio-9527-exec-3] INFO  o.s.d.r.c.RepositoryConfigurationDelegate - Finished Spring Data repository scanning in 55ms. Found 0 repository interfaces.
2021-02-21 23:07:39.871 febs [http-nio-9527-exec-5] INFO  o.s.d.r.c.RepositoryConfigurationDelegate - Bootstrapping Spring Data repositories in DEFAULT mode.
2021-02-21 23:07:39.903 febs [http-nio-9527-exec-5] INFO  o.s.d.r.c.RepositoryConfigurationDelegate - Finished Spring Data repository scanning in 31ms. Found 0 repository interfaces.
2021-02-21 23:08:11.862 febs [http-nio-9527-exec-6] INFO  o.s.d.r.c.RepositoryConfigurationDelegate - Bootstrapping Spring Data repositories in DEFAULT mode.
2021-02-21 23:08:11.892 febs [http-nio-9527-exec-6] INFO  o.s.d.r.c.RepositoryConfigurationDelegate - Finished Spring Data repository scanning in 30ms. Found 0 repository interfaces.
2021-02-21 23:09:32.180 febs [http-nio-9527-exec-8] INFO  o.s.d.r.c.RepositoryConfigurationDelegate - Bootstrapping Spring Data repositories in DEFAULT mode.
2021-02-21 23:09:32.210 febs [http-nio-9527-exec-8] INFO  o.s.d.r.c.RepositoryConfigurationDelegate - Finished Spring Data repository scanning in 30ms. Found 0 repository interfaces.
2021-02-21 23:33:26.455 febs [http-nio-9527-exec-1] INFO  o.s.d.r.c.RepositoryConfigurationDelegate - Bootstrapping Spring Data repositories in DEFAULT mode.
2021-02-21 23:33:26.488 febs [http-nio-9527-exec-1] INFO  o.s.d.r.c.RepositoryConfigurationDelegate - Finished Spring Data repository scanning in 32ms. Found 0 repository interfaces.
2021-02-21 23:33:26.983 febs [http-nio-9527-exec-1] INFO  s.d.s.w.PropertySourcedRequestMappingHandlerMapping - Mapped URL path [/v2/api-docs] onto method [public org.springframework.http.ResponseEntity<springfox.documentation.spring.web.json.Json> springfox.documentation.swagger2.web.Swagger2Controller.getDocumentation(java.lang.String,javax.servlet.http.HttpServletRequest)]
