2020-11-22 11:36:22.534 febs [main] INFO  cc.mrbird.febs.FebsApplication - Starting FebsApplication on localhost with PID 14508 (started by apple in /Users/apple/workspace/个人工作室/订单管理/tb/backend)
2020-11-22 11:36:22.538 febs [main] INFO  cc.mrbird.febs.FebsApplication - No active profile set, falling back to default profiles: default
2020-11-22 11:36:26.268 febs [main] INFO  o.s.d.r.c.RepositoryConfigurationDelegate - Multiple Spring Data modules found, entering strict repository configuration mode!
2020-11-22 11:36:26.276 febs [main] INFO  o.s.d.r.c.RepositoryConfigurationDelegate - Bootstrapping Spring Data repositories in DEFAULT mode.
2020-11-22 11:36:26.462 febs [main] INFO  o.s.d.r.c.RepositoryConfigurationDelegate - Finished Spring Data repository scanning in 103ms. Found 0 repository interfaces.
2020-11-22 11:36:27.901 febs [main] INFO  o.s.c.s.PostProcessorRegistrationDelegate$BeanPostProcessorChecker - Bean 'asyncExecutorPoolConfig' of type [cc.mrbird.febs.common.config.AsyncExecutorPoolConfig$$EnhancerBySpringCGLIB$$ff212506] is not eligible for getting processed by all BeanPostProcessors (for example: not eligible for auto-proxying)
2020-11-22 11:36:28.289 febs [main] INFO  o.s.c.s.PostProcessorRegistrationDelegate$BeanPostProcessorChecker - Bean 'spring.datasource.dynamic-com.baomidou.dynamic.datasource.spring.boot.autoconfigure.DynamicDataSourceProperties' of type [com.baomidou.dynamic.datasource.spring.boot.autoconfigure.DynamicDataSourceProperties] is not eligible for getting processed by all BeanPostProcessors (for example: not eligible for auto-proxying)
2020-11-22 11:36:28.629 febs [main] INFO  o.s.c.s.PostProcessorRegistrationDelegate$BeanPostProcessorChecker - Bean 'com.baomidou.dynamic.datasource.spring.boot.autoconfigure.DynamicDataSourceAutoConfiguration' of type [com.baomidou.dynamic.datasource.spring.boot.autoconfigure.DynamicDataSourceAutoConfiguration$$EnhancerBySpringCGLIB$$d97070aa] is not eligible for getting processed by all BeanPostProcessors (for example: not eligible for auto-proxying)
2020-11-22 11:36:28.642 febs [main] INFO  o.s.c.s.PostProcessorRegistrationDelegate$BeanPostProcessorChecker - Bean 'dsProcessor' of type [com.baomidou.dynamic.datasource.processor.DsHeaderProcessor] is not eligible for getting processed by all BeanPostProcessors (for example: not eligible for auto-proxying)
2020-11-22 11:36:28.648 febs [main] INFO  o.s.c.s.PostProcessorRegistrationDelegate$BeanPostProcessorChecker - Bean 'dynamicDatasourceAnnotationAdvisor' of type [com.baomidou.dynamic.datasource.aop.DynamicDataSourceAnnotationAdvisor] is not eligible for getting processed by all BeanPostProcessors (for example: not eligible for auto-proxying)
2020-11-22 11:36:28.658 febs [main] INFO  o.s.c.s.PostProcessorRegistrationDelegate$BeanPostProcessorChecker - Bean 'org.springframework.transaction.annotation.ProxyTransactionManagementConfiguration' of type [org.springframework.transaction.annotation.ProxyTransactionManagementConfiguration$$EnhancerBySpringCGLIB$$6fe1ffd9] is not eligible for getting processed by all BeanPostProcessors (for example: not eligible for auto-proxying)
2020-11-22 11:36:28.694 febs [main] INFO  o.s.c.s.PostProcessorRegistrationDelegate$BeanPostProcessorChecker - Bean 'shiroConfig' of type [cc.mrbird.febs.common.authentication.ShiroConfig$$EnhancerBySpringCGLIB$$db620182] is not eligible for getting processed by all BeanPostProcessors (for example: not eligible for auto-proxying)
2020-11-22 11:36:28.795 febs [main] INFO  o.s.c.s.PostProcessorRegistrationDelegate$BeanPostProcessorChecker - Bean 'redisConfig' of type [cc.mrbird.febs.common.config.RedisConfig$$EnhancerBySpringCGLIB$$d426b8d6] is not eligible for getting processed by all BeanPostProcessors (for example: not eligible for auto-proxying)
2020-11-22 11:36:28.845 febs [main] INFO  o.s.c.s.PostProcessorRegistrationDelegate$BeanPostProcessorChecker - Bean 'redisPoolFactory' of type [redis.clients.jedis.JedisPool] is not eligible for getting processed by all BeanPostProcessors (for example: not eligible for auto-proxying)
2020-11-22 11:36:28.853 febs [main] INFO  o.s.c.s.PostProcessorRegistrationDelegate$BeanPostProcessorChecker - Bean 'redisService' of type [cc.mrbird.febs.common.service.impl.RedisServiceImpl] is not eligible for getting processed by all BeanPostProcessors (for example: not eligible for auto-proxying)
2020-11-22 11:36:29.046 febs [main] INFO  o.s.c.s.PostProcessorRegistrationDelegate$BeanPostProcessorChecker - Bean 'mybatis-plus-com.baomidou.mybatisplus.autoconfigure.MybatisPlusProperties' of type [com.baomidou.mybatisplus.autoconfigure.MybatisPlusProperties] is not eligible for getting processed by all BeanPostProcessors (for example: not eligible for auto-proxying)
2020-11-22 11:36:29.065 febs [main] INFO  o.s.c.s.PostProcessorRegistrationDelegate$BeanPostProcessorChecker - Bean 'mybatisPlusConfig' of type [cc.mrbird.febs.common.config.MybatisPlusConfig$$EnhancerBySpringCGLIB$$c1695be8] is not eligible for getting processed by all BeanPostProcessors (for example: not eligible for auto-proxying)
2020-11-22 11:36:29.074 febs [main] INFO  o.s.c.s.PostProcessorRegistrationDelegate$BeanPostProcessorChecker - Bean 'paginationInterceptor' of type [com.baomidou.mybatisplus.extension.plugins.PaginationInterceptor] is not eligible for getting processed by all BeanPostProcessors (for example: not eligible for auto-proxying)
2020-11-22 11:36:29.095 febs [main] INFO  o.s.c.s.PostProcessorRegistrationDelegate$BeanPostProcessorChecker - Bean 'com.baomidou.mybatisplus.autoconfigure.MybatisPlusAutoConfiguration' of type [com.baomidou.mybatisplus.autoconfigure.MybatisPlusAutoConfiguration$$EnhancerBySpringCGLIB$$adaa6c73] is not eligible for getting processed by all BeanPostProcessors (for example: not eligible for auto-proxying)
2020-11-22 11:36:29.119 febs [main] INFO  o.s.c.s.PostProcessorRegistrationDelegate$BeanPostProcessorChecker - Bean 'dynamicDataSourceCreator' of type [com.baomidou.dynamic.datasource.DynamicDataSourceCreator] is not eligible for getting processed by all BeanPostProcessors (for example: not eligible for auto-proxying)
2020-11-22 11:36:29.122 febs [main] INFO  o.s.c.s.PostProcessorRegistrationDelegate$BeanPostProcessorChecker - Bean 'dynamicDataSourceProvider' of type [com.baomidou.dynamic.datasource.provider.YmlDynamicDataSourceProvider] is not eligible for getting processed by all BeanPostProcessors (for example: not eligible for auto-proxying)
2020-11-22 11:36:29.134 febs [main] INFO  c.b.d.d.DynamicRoutingDataSource - dynamic-datasource detect P6SPY plugin and enabled it
2020-11-22 11:36:29.187 febs [main] INFO  com.zaxxer.hikari.HikariDataSource - primary - Starting...
2020-11-22 11:36:30.941 febs [main] INFO  com.zaxxer.hikari.HikariDataSource - primary - Start completed.
2020-11-22 11:36:30.941 febs [main] INFO  c.b.d.d.DynamicRoutingDataSource - dynamic-datasource - load a datasource named [primary] success
2020-11-22 11:36:30.941 febs [main] INFO  c.b.d.d.DynamicRoutingDataSource - dynamic-datasource initial loaded [1] datasource,primary datasource named [primary]
2020-11-22 11:36:30.941 febs [main] INFO  o.s.c.s.PostProcessorRegistrationDelegate$BeanPostProcessorChecker - Bean 'dataSource' of type [com.baomidou.dynamic.datasource.DynamicRoutingDataSource] is not eligible for getting processed by all BeanPostProcessors (for example: not eligible for auto-proxying)
2020-11-22 11:36:30.960 febs [main] INFO  o.s.c.s.PostProcessorRegistrationDelegate$BeanPostProcessorChecker - Bean 'spring.datasource-org.springframework.boot.autoconfigure.jdbc.DataSourceProperties' of type [org.springframework.boot.autoconfigure.jdbc.DataSourceProperties] is not eligible for getting processed by all BeanPostProcessors (for example: not eligible for auto-proxying)
2020-11-22 11:36:30.982 febs [main] INFO  o.s.c.s.PostProcessorRegistrationDelegate$BeanPostProcessorChecker - Bean 'org.springframework.boot.autoconfigure.jdbc.DataSourceInitializerInvoker' of type [org.springframework.boot.autoconfigure.jdbc.DataSourceInitializerInvoker] is not eligible for getting processed by all BeanPostProcessors (for example: not eligible for auto-proxying)
2020-11-22 11:36:32.178 febs [main] INFO  o.s.c.s.PostProcessorRegistrationDelegate$BeanPostProcessorChecker - Bean 'sqlSessionFactory' of type [org.apache.ibatis.session.defaults.DefaultSqlSessionFactory] is not eligible for getting processed by all BeanPostProcessors (for example: not eligible for auto-proxying)
2020-11-22 11:36:32.199 febs [main] INFO  o.s.c.s.PostProcessorRegistrationDelegate$BeanPostProcessorChecker - Bean 'sqlSessionTemplate' of type [org.mybatis.spring.SqlSessionTemplate] is not eligible for getting processed by all BeanPostProcessors (for example: not eligible for auto-proxying)
2020-11-22 11:36:32.209 febs [main] INFO  o.s.c.s.PostProcessorRegistrationDelegate$BeanPostProcessorChecker - Bean 'roleMapper' of type [org.mybatis.spring.mapper.MapperFactoryBean] is not eligible for getting processed by all BeanPostProcessors (for example: not eligible for auto-proxying)
2020-11-22 11:36:32.219 febs [main] INFO  o.s.c.s.PostProcessorRegistrationDelegate$BeanPostProcessorChecker - Bean 'roleMapper' of type [com.sun.proxy.$Proxy112] is not eligible for getting processed by all BeanPostProcessors (for example: not eligible for auto-proxying)
2020-11-22 11:36:32.270 febs [main] INFO  o.s.c.s.PostProcessorRegistrationDelegate$BeanPostProcessorChecker - Bean 'roleMenuMapper' of type [org.mybatis.spring.mapper.MapperFactoryBean] is not eligible for getting processed by all BeanPostProcessors (for example: not eligible for auto-proxying)
2020-11-22 11:36:32.277 febs [main] INFO  o.s.c.s.PostProcessorRegistrationDelegate$BeanPostProcessorChecker - Bean 'roleMenuMapper' of type [com.sun.proxy.$Proxy113] is not eligible for getting processed by all BeanPostProcessors (for example: not eligible for auto-proxying)
2020-11-22 11:36:32.292 febs [main] INFO  o.s.c.s.PostProcessorRegistrationDelegate$BeanPostProcessorChecker - Bean 'userRoleMapper' of type [org.mybatis.spring.mapper.MapperFactoryBean] is not eligible for getting processed by all BeanPostProcessors (for example: not eligible for auto-proxying)
2020-11-22 11:36:32.300 febs [main] INFO  o.s.c.s.PostProcessorRegistrationDelegate$BeanPostProcessorChecker - Bean 'userRoleMapper' of type [com.sun.proxy.$Proxy114] is not eligible for getting processed by all BeanPostProcessors (for example: not eligible for auto-proxying)
2020-11-22 11:36:32.303 febs [main] INFO  o.s.c.s.PostProcessorRegistrationDelegate$BeanPostProcessorChecker - Bean 'userRoleService' of type [cc.mrbird.febs.system.service.impl.UserRoleServiceImpl] is not eligible for getting processed by all BeanPostProcessors (for example: not eligible for auto-proxying)
2020-11-22 11:36:32.442 febs [main] INFO  o.s.c.s.PostProcessorRegistrationDelegate$BeanPostProcessorChecker - Bean 'roleMenuService' of type [cc.mrbird.febs.system.service.impl.RoleMenuServiceImpl] is not eligible for getting processed by all BeanPostProcessors (for example: not eligible for auto-proxying)
2020-11-22 11:36:32.512 febs [main] INFO  o.s.c.s.PostProcessorRegistrationDelegate$BeanPostProcessorChecker - Bean 'roleService' of type [cc.mrbird.febs.system.service.impl.RoleServiceImpl] is not eligible for getting processed by all BeanPostProcessors (for example: not eligible for auto-proxying)
2020-11-22 11:36:32.579 febs [main] INFO  o.s.c.s.PostProcessorRegistrationDelegate$BeanPostProcessorChecker - Bean 'menuMapper' of type [org.mybatis.spring.mapper.MapperFactoryBean] is not eligible for getting processed by all BeanPostProcessors (for example: not eligible for auto-proxying)
2020-11-22 11:36:32.585 febs [main] INFO  o.s.c.s.PostProcessorRegistrationDelegate$BeanPostProcessorChecker - Bean 'menuMapper' of type [com.sun.proxy.$Proxy118] is not eligible for getting processed by all BeanPostProcessors (for example: not eligible for auto-proxying)
2020-11-22 11:36:32.589 febs [main] INFO  o.s.c.s.PostProcessorRegistrationDelegate$BeanPostProcessorChecker - Bean 'menuService' of type [cc.mrbird.febs.system.service.impl.MenuServiceImpl] is not eligible for getting processed by all BeanPostProcessors (for example: not eligible for auto-proxying)
2020-11-22 11:36:32.645 febs [main] INFO  o.s.c.s.PostProcessorRegistrationDelegate$BeanPostProcessorChecker - Bean 'userMapper' of type [org.mybatis.spring.mapper.MapperFactoryBean] is not eligible for getting processed by all BeanPostProcessors (for example: not eligible for auto-proxying)
2020-11-22 11:36:32.652 febs [main] INFO  o.s.c.s.PostProcessorRegistrationDelegate$BeanPostProcessorChecker - Bean 'userMapper' of type [com.sun.proxy.$Proxy120] is not eligible for getting processed by all BeanPostProcessors (for example: not eligible for auto-proxying)
2020-11-22 11:36:32.694 febs [main] INFO  o.s.c.s.PostProcessorRegistrationDelegate$BeanPostProcessorChecker - Bean 'userConfigMapper' of type [org.mybatis.spring.mapper.MapperFactoryBean] is not eligible for getting processed by all BeanPostProcessors (for example: not eligible for auto-proxying)
2020-11-22 11:36:32.699 febs [main] INFO  o.s.c.s.PostProcessorRegistrationDelegate$BeanPostProcessorChecker - Bean 'userConfigMapper' of type [com.sun.proxy.$Proxy121] is not eligible for getting processed by all BeanPostProcessors (for example: not eligible for auto-proxying)
2020-11-22 11:36:32.704 febs [main] INFO  o.s.c.s.PostProcessorRegistrationDelegate$BeanPostProcessorChecker - Bean 'userConfigService' of type [cc.mrbird.febs.system.service.impl.UserConfigServiceImpl] is not eligible for getting processed by all BeanPostProcessors (for example: not eligible for auto-proxying)
2020-11-22 11:36:32.759 febs [main] INFO  o.s.c.s.PostProcessorRegistrationDelegate$BeanPostProcessorChecker - Bean 'userService' of type [cc.mrbird.febs.system.service.impl.UserServiceImpl] is not eligible for getting processed by all BeanPostProcessors (for example: not eligible for auto-proxying)
2020-11-22 11:36:32.818 febs [main] INFO  o.s.c.s.PostProcessorRegistrationDelegate$BeanPostProcessorChecker - Bean 'org.springframework.boot.autoconfigure.jackson.JacksonAutoConfiguration$JacksonObjectMapperConfiguration' of type [org.springframework.boot.autoconfigure.jackson.JacksonAutoConfiguration$JacksonObjectMapperConfiguration$$EnhancerBySpringCGLIB$$cb757f6a] is not eligible for getting processed by all BeanPostProcessors (for example: not eligible for auto-proxying)
2020-11-22 11:36:32.824 febs [main] INFO  o.s.c.s.PostProcessorRegistrationDelegate$BeanPostProcessorChecker - Bean 'org.springframework.boot.autoconfigure.jackson.JacksonAutoConfiguration$JacksonObjectMapperBuilderConfiguration' of type [org.springframework.boot.autoconfigure.jackson.JacksonAutoConfiguration$JacksonObjectMapperBuilderConfiguration$$EnhancerBySpringCGLIB$$7dc24183] is not eligible for getting processed by all BeanPostProcessors (for example: not eligible for auto-proxying)
2020-11-22 11:36:32.829 febs [main] INFO  o.s.c.s.PostProcessorRegistrationDelegate$BeanPostProcessorChecker - Bean 'org.springframework.boot.autoconfigure.jackson.JacksonAutoConfiguration$Jackson2ObjectMapperBuilderCustomizerConfiguration' of type [org.springframework.boot.autoconfigure.jackson.JacksonAutoConfiguration$Jackson2ObjectMapperBuilderCustomizerConfiguration$$EnhancerBySpringCGLIB$$38d92772] is not eligible for getting processed by all BeanPostProcessors (for example: not eligible for auto-proxying)
2020-11-22 11:36:32.841 febs [main] INFO  o.s.c.s.PostProcessorRegistrationDelegate$BeanPostProcessorChecker - Bean 'spring.jackson-org.springframework.boot.autoconfigure.jackson.JacksonProperties' of type [org.springframework.boot.autoconfigure.jackson.JacksonProperties] is not eligible for getting processed by all BeanPostProcessors (for example: not eligible for auto-proxying)
2020-11-22 11:36:32.849 febs [main] INFO  o.s.c.s.PostProcessorRegistrationDelegate$BeanPostProcessorChecker - Bean 'standardJacksonObjectMapperBuilderCustomizer' of type [org.springframework.boot.autoconfigure.jackson.JacksonAutoConfiguration$Jackson2ObjectMapperBuilderCustomizerConfiguration$StandardJackson2ObjectMapperBuilderCustomizer] is not eligible for getting processed by all BeanPostProcessors (for example: not eligible for auto-proxying)
2020-11-22 11:36:32.869 febs [main] INFO  o.s.c.s.PostProcessorRegistrationDelegate$BeanPostProcessorChecker - Bean 'org.springframework.boot.autoconfigure.jackson.JacksonAutoConfiguration$ParameterNamesModuleConfiguration' of type [org.springframework.boot.autoconfigure.jackson.JacksonAutoConfiguration$ParameterNamesModuleConfiguration$$EnhancerBySpringCGLIB$$5fa49ea0] is not eligible for getting processed by all BeanPostProcessors (for example: not eligible for auto-proxying)
2020-11-22 11:36:32.891 febs [main] INFO  o.s.c.s.PostProcessorRegistrationDelegate$BeanPostProcessorChecker - Bean 'parameterNamesModule' of type [com.fasterxml.jackson.module.paramnames.ParameterNamesModule] is not eligible for getting processed by all BeanPostProcessors (for example: not eligible for auto-proxying)
2020-11-22 11:36:32.896 febs [main] INFO  o.s.c.s.PostProcessorRegistrationDelegate$BeanPostProcessorChecker - Bean 'org.springframework.boot.autoconfigure.jackson.JacksonAutoConfiguration' of type [org.springframework.boot.autoconfigure.jackson.JacksonAutoConfiguration$$EnhancerBySpringCGLIB$$ad811cf9] is not eligible for getting processed by all BeanPostProcessors (for example: not eligible for auto-proxying)
2020-11-22 11:36:32.924 febs [main] INFO  o.s.c.s.PostProcessorRegistrationDelegate$BeanPostProcessorChecker - Bean 'jsonComponentModule' of type [org.springframework.boot.jackson.JsonComponentModule] is not eligible for getting processed by all BeanPostProcessors (for example: not eligible for auto-proxying)
2020-11-22 11:36:32.927 febs [main] INFO  o.s.c.s.PostProcessorRegistrationDelegate$BeanPostProcessorChecker - Bean 'org.springframework.ksAccountData.web.config.SpringDataJacksonConfiguration' of type [org.springframework.ksAccountData.web.config.SpringDataJacksonConfiguration] is not eligible for getting processed by all BeanPostProcessors (for example: not eligible for auto-proxying)
2020-11-22 11:36:32.942 febs [main] INFO  o.s.c.s.PostProcessorRegistrationDelegate$BeanPostProcessorChecker - Bean 'jacksonGeoModule' of type [org.springframework.ksAccountData.geo.GeoModule] is not eligible for getting processed by all BeanPostProcessors (for example: not eligible for auto-proxying)
2020-11-22 11:36:32.949 febs [main] INFO  o.s.c.s.PostProcessorRegistrationDelegate$BeanPostProcessorChecker - Bean 'jacksonObjectMapperBuilder' of type [org.springframework.http.converter.json.Jackson2ObjectMapperBuilder] is not eligible for getting processed by all BeanPostProcessors (for example: not eligible for auto-proxying)
2020-11-22 11:36:33.026 febs [main] INFO  o.s.c.s.PostProcessorRegistrationDelegate$BeanPostProcessorChecker - Bean 'jacksonObjectMapper' of type [com.fasterxml.jackson.databind.ObjectMapper] is not eligible for getting processed by all BeanPostProcessors (for example: not eligible for auto-proxying)
2020-11-22 11:36:33.056 febs [main] INFO  o.s.c.s.PostProcessorRegistrationDelegate$BeanPostProcessorChecker - Bean 'cacheService' of type [cc.mrbird.febs.common.service.impl.CacheServiceImpl] is not eligible for getting processed by all BeanPostProcessors (for example: not eligible for auto-proxying)
2020-11-22 11:36:33.071 febs [main] INFO  o.s.c.s.PostProcessorRegistrationDelegate$BeanPostProcessorChecker - Bean 'userManager' of type [cc.mrbird.febs.system.manager.UserManager] is not eligible for getting processed by all BeanPostProcessors (for example: not eligible for auto-proxying)
2020-11-22 11:36:33.074 febs [main] INFO  o.s.c.s.PostProcessorRegistrationDelegate$BeanPostProcessorChecker - Bean 'shiroRealm' of type [cc.mrbird.febs.common.authentication.ShiroRealm] is not eligible for getting processed by all BeanPostProcessors (for example: not eligible for auto-proxying)
2020-11-22 11:36:33.098 febs [main] INFO  o.s.c.s.PostProcessorRegistrationDelegate$BeanPostProcessorChecker - Bean 'securityManager' of type [org.apache.shiro.web.mgt.DefaultWebSecurityManager] is not eligible for getting processed by all BeanPostProcessors (for example: not eligible for auto-proxying)
2020-11-22 11:36:33.138 febs [main] INFO  o.s.c.s.PostProcessorRegistrationDelegate$BeanPostProcessorChecker - Bean 'authorizationAttributeSourceAdvisor' of type [org.apache.shiro.spring.security.interceptor.AuthorizationAttributeSourceAdvisor] is not eligible for getting processed by all BeanPostProcessors (for example: not eligible for auto-proxying)
2020-11-22 11:36:34.003 febs [main] INFO  o.s.b.w.e.tomcat.TomcatWebServer - Tomcat initialized with port(s): 9527 (http)
2020-11-22 11:36:34.066 febs [main] INFO  o.a.coyote.http11.Http11NioProtocol - Initializing ProtocolHandler ["http-nio-9527"]
2020-11-22 11:36:34.078 febs [main] INFO  o.a.catalina.core.StandardService - Starting service [Tomcat]
2020-11-22 11:36:34.078 febs [main] INFO  o.a.catalina.core.StandardEngine - Starting Servlet engine: [Apache Tomcat/9.0.22]
2020-11-22 11:36:34.405 febs [main] INFO  o.a.c.c.C.[Tomcat].[localhost].[/] - Initializing Spring embedded WebApplicationContext
2020-11-22 11:36:34.405 febs [main] INFO  o.s.web.context.ContextLoader - Root WebApplicationContext: initialization completed in 11765 ms
2020-11-22 11:36:36.019 febs [main] INFO  org.quartz.impl.StdSchedulerFactory - Using default implementation for ThreadExecutor
2020-11-22 11:36:36.059 febs [main] INFO  o.quartz.core.SchedulerSignalerImpl - Initialized Scheduler Signaller of type: class org.quartz.core.SchedulerSignalerImpl
2020-11-22 11:36:36.059 febs [main] INFO  org.quartz.core.QuartzScheduler - Quartz Scheduler v.2.3.1 created.
2020-11-22 11:36:36.060 febs [main] INFO  org.quartz.simpl.RAMJobStore - RAMJobStore initialized.
2020-11-22 11:36:36.062 febs [main] INFO  org.quartz.core.QuartzScheduler - Scheduler meta-ksAccountData: Quartz Scheduler (v2.3.1) 'quartzScheduler' with instanceId 'NON_CLUSTERED'
  Scheduler class: 'org.quartz.core.QuartzScheduler' - running locally.
  NOT STARTED.
  Currently in standby mode.
  Number of jobs executed: 0
  Using thread pool 'org.quartz.simpl.SimpleThreadPool' - with 10 threads.
  Using job-store 'org.quartz.simpl.RAMJobStore' - which does not support persistence. and is not clustered.

2020-11-22 11:36:36.062 febs [main] INFO  org.quartz.impl.StdSchedulerFactory - Quartz scheduler 'quartzScheduler' initialized from an externally provided properties instance.
2020-11-22 11:36:36.062 febs [main] INFO  org.quartz.impl.StdSchedulerFactory - Quartz scheduler version: 2.3.1
2020-11-22 11:36:36.062 febs [main] INFO  org.quartz.core.QuartzScheduler - JobFactory set to: org.springframework.scheduling.quartz.SpringBeanJobFactory@1dfe106e
2020-11-22 11:36:36.436 febs [main] INFO  p6spy - 2020-11-22 11:36:36 | 耗时 92 ms | SQL 语句：
select job_id jobId, bean_name beanName, method_name methodName, params, cron_expression cronExpression, status, remark, create_time createTime from t_job order by job_id;
2020-11-22 11:36:37.050 febs [main] INFO  c.m.f.t.s.impl.OrderCommitService - 淘宝商品id初始化完成618358001284;616417053198
2020-11-22 11:36:38.763 febs [main] INFO  o.s.b.a.e.web.EndpointLinksResolver - Exposing 2 endpoint(s) beneath base path '/actuator'
2020-11-22 11:36:39.046 febs [main] INFO  o.s.s.c.ThreadPoolTaskExecutor - Initializing ExecutorService 'taskExecutor'
2020-11-22 11:36:39.112 febs [main] INFO  s.d.s.w.PropertySourcedRequestMappingHandlerMapping - Mapped URL path [/v2/api-docs] onto method [public org.springframework.http.ResponseEntity<springfox.documentation.spring.web.json.Json> springfox.documentation.swagger2.web.Swagger2Controller.getDocumentation(java.lang.String,javax.servlet.http.HttpServletRequest)]
2020-11-22 11:36:41.517 febs [main] INFO  s.d.s.w.p.DocumentationPluginsBootstrapper - Context refreshed
2020-11-22 11:36:41.579 febs [main] INFO  s.d.s.w.p.DocumentationPluginsBootstrapper - Found 1 custom documentation plugin(s)
2020-11-22 11:36:41.675 febs [main] INFO  s.d.s.w.s.ApiListingReferenceScanner - Scanning for api listing references
2020-11-22 11:36:42.242 febs [main] INFO  s.d.s.w.r.o.CachingOperationNameGenerator - Generating unique operation named: exportUsingPOST_1
2020-11-22 11:36:42.285 febs [main] INFO  s.d.s.w.r.o.CachingOperationNameGenerator - Generating unique operation named: exportUsingPOST_2
2020-11-22 11:36:42.401 febs [main] INFO  s.d.s.w.r.o.CachingOperationNameGenerator - Generating unique operation named: exportUsingPOST_3
2020-11-22 11:36:42.450 febs [main] INFO  s.d.s.w.r.o.CachingOperationNameGenerator - Generating unique operation named: exportUsingPOST_4
2020-11-22 11:36:42.557 febs [main] INFO  s.d.s.w.r.o.CachingOperationNameGenerator - Generating unique operation named: exportUsingPOST_5
2020-11-22 11:36:42.651 febs [main] INFO  s.d.s.w.r.o.CachingOperationNameGenerator - Generating unique operation named: exportUsingPOST_6
2020-11-22 11:36:42.673 febs [main] INFO  s.d.s.w.r.o.CachingOperationNameGenerator - Generating unique operation named: beforeBuyPushUsingGET_1
2020-11-22 11:36:42.675 febs [main] INFO  s.d.s.w.r.o.CachingOperationNameGenerator - Generating unique operation named: beforeBuyPushUsingHEAD_1
2020-11-22 11:36:42.677 febs [main] INFO  s.d.s.w.r.o.CachingOperationNameGenerator - Generating unique operation named: beforeBuyPushUsingPOST_1
2020-11-22 11:36:42.680 febs [main] INFO  s.d.s.w.r.o.CachingOperationNameGenerator - Generating unique operation named: beforeBuyPushUsingPUT_1
2020-11-22 11:36:42.682 febs [main] INFO  s.d.s.w.r.o.CachingOperationNameGenerator - Generating unique operation named: beforeBuyPushUsingPATCH_1
2020-11-22 11:36:42.684 febs [main] INFO  s.d.s.w.r.o.CachingOperationNameGenerator - Generating unique operation named: beforeBuyPushUsingDELETE_1
2020-11-22 11:36:42.686 febs [main] INFO  s.d.s.w.r.o.CachingOperationNameGenerator - Generating unique operation named: beforeBuyPushUsingOPTIONS_1
2020-11-22 11:36:42.688 febs [main] INFO  s.d.s.w.r.o.CachingOperationNameGenerator - Generating unique operation named: beforeBuyPushUsingTRACE_1
2020-11-22 11:36:42.797 febs [main] INFO  s.d.s.w.r.o.CachingOperationNameGenerator - Generating unique operation named: exportUsingPOST_7
2020-11-22 11:36:42.855 febs [main] INFO  s.d.s.w.r.o.CachingOperationNameGenerator - Generating unique operation named: exportUsingPOST_8
2020-11-22 11:36:43.057 febs [main] INFO  o.s.s.quartz.SchedulerFactoryBean - Starting Quartz Scheduler now
2020-11-22 11:36:43.058 febs [main] INFO  org.quartz.core.QuartzScheduler - Scheduler quartzScheduler_$_NON_CLUSTERED started.
2020-11-22 11:36:43.126 febs [main] INFO  o.a.coyote.http11.Http11NioProtocol - Starting ProtocolHandler ["http-nio-9527"]
2020-11-22 11:36:43.262 febs [main] INFO  o.s.b.w.e.tomcat.TomcatWebServer - Tomcat started on port(s): 9527 (http) with context path ''
2020-11-22 11:36:43.276 febs [main] INFO  cc.mrbird.febs.FebsApplication - Started FebsApplication in 22.701 seconds (JVM running for 30.631)
2020-11-22 11:36:43.322 febs [main] INFO  c.m.f.common.runner.CacheInitRunner - Redis连接中 ······
2020-11-22 11:36:43.354 febs [main] INFO  c.m.f.common.runner.CacheInitRunner - 缓存初始化 ······
2020-11-22 11:36:43.355 febs [main] INFO  c.m.f.common.runner.CacheInitRunner - 缓存用户数据 ······
2020-11-22 11:36:43.653 febs [main] INFO  p6spy - 2020-11-22 11:36:43 | 耗时 39 ms | SQL 语句：
SELECT USER_ID,description,password,modify_time,email,ssex,mobile,dept_id,avatar,last_login_time,create_time,status,username FROM t_user;
2020-11-22 11:36:43.726 febs [main] INFO  p6spy - 2020-11-22 11:36:43 | 耗时 36 ms | SQL 语句：
SELECT u.user_id userId, u.username, u.password, u.email, u.mobile, u. STATUS, u.create_time createTime, u.ssex, d.dept_id deptId, d.dept_name deptName, u.AVATAR, u.DESCRIPTION, u.LAST_LOGIN_TIME lastLoginTime, GROUP_CONCAT(r.role_id) roleId, GROUP_CONCAT(r.ROLE_NAME) roleName FROM t_user u LEFT JOIN t_dept d ON (u.dept_id = d.dept_id) LEFT JOIN t_user_role ur ON (u.user_id = ur.user_id) LEFT JOIN t_role r ON r.role_id = ur.role_id WHERE u.username = 'mrbird' group by u.username, u.user_id, u.password, u.email, u.mobile, u.STATUS, u.create_time, u.ssex, d.dept_id, d.dept_name, u.AVATAR, u.DESCRIPTION, u.LAST_LOGIN_TIME;
2020-11-22 11:36:44.044 febs [main] INFO  p6spy - 2020-11-22 11:36:44 | 耗时 31 ms | SQL 语句：
select r.* from t_role r left join t_user_role ur on (r.role_id = ur.role_id) left join t_user u on (u.user_id = ur.user_id) where u.username = 'mrbird';
2020-11-22 11:36:44.186 febs [main] INFO  p6spy - 2020-11-22 11:36:44 | 耗时 38 ms | SQL 语句：
select distinct m.perms from t_role r left join t_user_role ur on (r.role_id = ur.role_id) left join t_user u on (u.user_id = ur.user_id) left join t_role_menu rm on (rm.role_id = r.role_id) left join t_menu m on (m.menu_id = rm.menu_id) where u.username = 'mrbird' and m.perms is not null and m.perms <> '';
2020-11-22 11:36:44.430 febs [main] INFO  p6spy - 2020-11-22 11:36:44 | 耗时 42 ms | SQL 语句：
SELECT USER_ID,layout,color,multi_page,fix_siderbar,fix_header,theme FROM t_user_config WHERE USER_ID='1' ;
2020-11-22 11:36:44.576 febs [main] INFO  p6spy - 2020-11-22 11:36:44 | 耗时 58 ms | SQL 语句：
SELECT u.user_id userId, u.username, u.password, u.email, u.mobile, u. STATUS, u.create_time createTime, u.ssex, d.dept_id deptId, d.dept_name deptName, u.AVATAR, u.DESCRIPTION, u.LAST_LOGIN_TIME lastLoginTime, GROUP_CONCAT(r.role_id) roleId, GROUP_CONCAT(r.ROLE_NAME) roleName FROM t_user u LEFT JOIN t_dept d ON (u.dept_id = d.dept_id) LEFT JOIN t_user_role ur ON (u.user_id = ur.user_id) LEFT JOIN t_role r ON r.role_id = ur.role_id WHERE u.username = 'scott' group by u.username, u.user_id, u.password, u.email, u.mobile, u.STATUS, u.create_time, u.ssex, d.dept_id, d.dept_name, u.AVATAR, u.DESCRIPTION, u.LAST_LOGIN_TIME;
2020-11-22 11:36:44.717 febs [main] INFO  p6spy - 2020-11-22 11:36:44 | 耗时 35 ms | SQL 语句：
select r.* from t_role r left join t_user_role ur on (r.role_id = ur.role_id) left join t_user u on (u.user_id = ur.user_id) where u.username = 'scott';
2020-11-22 11:36:44.818 febs [main] INFO  p6spy - 2020-11-22 11:36:44 | 耗时 35 ms | SQL 语句：
select distinct m.perms from t_role r left join t_user_role ur on (r.role_id = ur.role_id) left join t_user u on (u.user_id = ur.user_id) left join t_role_menu rm on (rm.role_id = r.role_id) left join t_menu m on (m.menu_id = rm.menu_id) where u.username = 'scott' and m.perms is not null and m.perms <> '';
2020-11-22 11:36:44.958 febs [main] INFO  p6spy - 2020-11-22 11:36:44 | 耗时 32 ms | SQL 语句：
SELECT USER_ID,layout,color,multi_page,fix_siderbar,fix_header,theme FROM t_user_config WHERE USER_ID='2' ;
2020-11-22 11:36:45.064 febs [main] INFO  p6spy - 2020-11-22 11:36:45 | 耗时 36 ms | SQL 语句：
SELECT u.user_id userId, u.username, u.password, u.email, u.mobile, u. STATUS, u.create_time createTime, u.ssex, d.dept_id deptId, d.dept_name deptName, u.AVATAR, u.DESCRIPTION, u.LAST_LOGIN_TIME lastLoginTime, GROUP_CONCAT(r.role_id) roleId, GROUP_CONCAT(r.ROLE_NAME) roleName FROM t_user u LEFT JOIN t_dept d ON (u.dept_id = d.dept_id) LEFT JOIN t_user_role ur ON (u.user_id = ur.user_id) LEFT JOIN t_role r ON r.role_id = ur.role_id WHERE u.username = 'jack' group by u.username, u.user_id, u.password, u.email, u.mobile, u.STATUS, u.create_time, u.ssex, d.dept_id, d.dept_name, u.AVATAR, u.DESCRIPTION, u.LAST_LOGIN_TIME;
2020-11-22 11:36:45.167 febs [main] INFO  p6spy - 2020-11-22 11:36:45 | 耗时 37 ms | SQL 语句：
select r.* from t_role r left join t_user_role ur on (r.role_id = ur.role_id) left join t_user u on (u.user_id = ur.user_id) where u.username = 'jack';
2020-11-22 11:36:45.273 febs [main] INFO  p6spy - 2020-11-22 11:36:45 | 耗时 31 ms | SQL 语句：
select distinct m.perms from t_role r left join t_user_role ur on (r.role_id = ur.role_id) left join t_user u on (u.user_id = ur.user_id) left join t_role_menu rm on (rm.role_id = r.role_id) left join t_menu m on (m.menu_id = rm.menu_id) where u.username = 'jack' and m.perms is not null and m.perms <> '';
2020-11-22 11:36:45.370 febs [main] INFO  p6spy - 2020-11-22 11:36:45 | 耗时 34 ms | SQL 语句：
SELECT USER_ID,layout,color,multi_page,fix_siderbar,fix_header,theme FROM t_user_config WHERE USER_ID='12' ;
2020-11-22 11:36:45.434 febs [main] INFO  c.m.f.common.runner.StartedUpRunner -  __    ___   _      ___   _     ____ _____  ____
2020-11-22 11:36:45.435 febs [main] INFO  c.m.f.common.runner.StartedUpRunner - / /`  / / \ | |\/| | |_) | |   | |_   | |  | |_
2020-11-22 11:36:45.435 febs [main] INFO  c.m.f.common.runner.StartedUpRunner - \_\_, \_\_/ |_|  | |_|   |_|__ |_|__  |_|  |_|__
2020-11-22 11:36:45.435 febs [main] INFO  c.m.f.common.runner.StartedUpRunner -
2020-11-22 11:36:45.435 febs [main] INFO  c.m.f.common.runner.StartedUpRunner - FEBS 启动完毕，时间：2020-11-22T11:36:45.435
2020-11-22 11:37:21.678 febs [http-nio-9527-exec-2] INFO  o.a.c.c.C.[Tomcat].[localhost].[/] - Initializing Spring DispatcherServlet 'dispatcherServlet'
2020-11-22 11:37:21.678 febs [http-nio-9527-exec-2] INFO  o.s.web.servlet.DispatcherServlet - Initializing Servlet 'dispatcherServlet'
2020-11-22 11:37:21.708 febs [http-nio-9527-exec-2] INFO  o.s.web.servlet.DispatcherServlet - Completed initialization in 30 ms
2020-11-22 11:37:22.671 febs [http-nio-9527-exec-2] INFO  c.m.f.t.s.impl.KashangPayServiceImpl - {esales_session=eyJpdiI6Ik93ME5COUxyMDIzXC9XQ1VkV1RQT0pnPT0iLCJ2YWx1ZSI6ImpEZFwvV1pvMStmT0pqMElSckNtcVFQb2hPQ0tjeTVzRVlcL3BoYndTUEh1SUhlelZiNUcwNTN0WVVzNjF1V3pEWSIsIm1hYyI6ImFkMjMzMDU2NDMzMWQ2YTk3ZTQzMDExNDg1ZGM2NzQ0ZDBhMmI3OGJjMDUyZDI4MjRkNmUzYjU0ZWUzYTdmNGYifQ%3D%3D}
2020-11-22 11:39:26.342 febs [http-nio-9527-exec-5] INFO  c.m.f.t.s.impl.KashangPayServiceImpl - {esales_session=eyJpdiI6Ik9pZWpVcWUxMHZNU1F3eWNiUGZyR0E9PSIsInZhbHVlIjoiQlRibmZKWmRTeUVXa2VUeVlNdCtJWndEUTFKRTJJUmVRTjhONDFTK2FRdEsyMHo1R1FMUzVTR1ZaMVhld3JsMCIsIm1hYyI6IjdlMmNkMWI3ZTRlNGQ3YWI0MWQzMTYyYzRlNTBiMGJjN2VkMTQ0M2U5MWNkMDU5YWU1MzcwNDg0NDBmNTZhZTcifQ%3D%3D}
2020-11-22 11:39:29.197 febs [http-nio-9527-exec-5] INFO  c.m.f.t.s.impl.KashangPayServiceImpl - {esales_session=eyJpdiI6Im5QN0E0UW9DQW5tWG1veXJBenI3NkE9PSIsInZhbHVlIjoiZkswQitMeXNMa2lOSUdaWjk0bGtnRW42eWtuQWU0YnlrRDdLYXVYY0FzWGhlcmRTeVhGdHVaS2dCZis0UlJhUyIsIm1hYyI6ImMyMmM0ODY0NDFjNjQyZWUyNDVmMGM2NjU5ZDZhNGEyNmI4ZDZjNjM4OTM2OTk1NmNmNjcxNzk4YWMzOTYwMDcifQ%3D%3D}
